

Sun 27 Mar 10:25:02 BST 2016
mmtune: subg_rfspy status: OK
Version: subg_rfspy 0.6
{
  "scanDetails": [
    [
      "916.500", 
      0, 
      -99
    ], 
    [
      "916.520", 
      0, 
      -99
    ], 
    [
      "916.540", 
      0, 
      -99
    ], 
    [
      "916.560", 
      0, 
      -99
    ], 
    [
      "916.580", 
      0, 
      -99
    ], 
    [
      "916.600", 
      0, 
      -99
    ], 
    [
      "916.620", 
      0, 
      -99
    ], 
    [
      "916.640", 
      0, 
      -99
    ], 
    [
      "916.660", 
      0, 
      -99
    ], 
    [
      "916.680", 
      0, 
      -99
    ], 
    [
      "916.700", 
      0, 
      -99
    ], 
    [
      "916.720", 
      0, 
      -99
    ], 
    [
      "916.740", 
      0, 
      -99
    ], 
    [
      "916.760", 
      0, 
      -99
    ], 
    [
      "916.780", 
      0, 
      -99
    ], 
    [
      "916.800", 
      0, 
      -99
    ], 
    [
      "916.820", 
      0, 
      -99
    ], 
    [
      "916.840", 
      0, 
      -99
    ], 
    [
      "916.860", 
      0, 
      -99
    ], 
    [
      "916.880", 
      0, 
      -99
    ], 
    [
      "916.900", 
      0, 
      -99
    ]
  ], 
  "setFreq": 916.63, 
  "usedDefault": true
}my722://JSON/read_clock/monitor/clock.json
subg_rfspy status: OK
Version: subg_rfspy 0.6
PREFLIGHT FAIL


Sun 27 Mar 10:30:02 BST 2016
mmtune: subg_rfspy status: OK
Version: subg_rfspy 0.6
{
  "scanDetails": [
    [
      "916.500", 
      0, 
      -99
    ], 
    [
      "916.520", 
      0, 
      -99
    ], 
    [
      "916.540", 
      0, 
      -99
    ], 
    [
      "916.560", 
      0, 
      -99
    ], 
    [
      "916.580", 
      0, 
      -99
    ], 
    [
      "916.600", 
      0, 
      -99
    ], 
    [
      "916.620", 
      0, 
      -99
    ], 
    [
      "916.640", 
      0, 
      -99
    ], 
    [
      "916.660", 
      0, 
      -99
    ], 
    [
      "916.680", 
      0, 
      -99
    ], 
    [
      "916.700", 
      0, 
      -99
    ], 
    [
      "916.720", 
      2, 
      -97
    ], 
    [
      "916.740", 
      3, 
      -93
    ], 
    [
      "916.760", 
      5, 
      -92
    ], 
    [
      "916.780", 
      1, 
      -98
    ], 
    [
      "916.800", 
      5, 
      -92
    ], 
    [
      "916.820", 
      5, 
      -93
    ], 
    [
      "916.840", 
      5, 
      -95
    ], 
    [
      "916.860", 
      0, 
      -99
    ], 
    [
      "916.880", 
      0, 
      -99
    ], 
    [
      "916.900", 
      0, 
      -99
    ]
  ], 
  "setFreq": 916.8, 
  "usedDefault": false
}my722://JSON/read_clock/monitor/clock.json
subg_rfspy status: OK
Version: subg_rfspy 0.6
PREFLIGHT FAIL


Sun 27 Mar 10:35:02 BST 2016
mmtune: subg_rfspy status: OK
Version: subg_rfspy 0.6
{
  "scanDetails": [
    [
      "916.500", 
      0, 
      -99
    ], 
    [
      "916.520", 
      0, 
      -99
    ], 
    [
      "916.540", 
      0, 
      -99
    ], 
    [
      "916.560", 
      0, 
      -99
    ], 
    [
      "916.580", 
      0, 
      -99
    ], 
    [
      "916.600", 
      0, 
      -99
    ], 
    [
      "916.620", 
      0, 
      -99
    ], 
    [
      "916.640", 
      0, 
      -99
    ], 
    [
      "916.660", 
      0, 
      -99
    ], 
    [
      "916.680", 
      0, 
      -99
    ], 
    [
      "916.700", 
      0, 
      -99
    ], 
    [
      "916.720", 
      0, 
      -99
    ], 
    [
      "916.740", 
      0, 
      -99
    ], 
    [
      "916.760", 
      0, 
      -99
    ], 
    [
      "916.780", 
      0, 
      -99
    ], 
    [
      "916.800", 
      0, 
      -99
    ], 
    [
      "916.820", 
      0, 
      -99
    ], 
    [
      "916.840", 
      0, 
      -99
    ], 
    [
      "916.860", 
      0, 
      -99
    ], 
    [
      "916.880", 
      0, 
      -99
    ], 
    [
      "916.900", 
      0, 
      -99
    ]
  ], 
  "setFreq": 916.63, 
  "usedDefault": true
}