PREFLIGHT FAIL
PREFLIGHT or GATHER Failure

Thu 24 Mar 22:25:02 GMT 2016
PREFLIGHT OK
curl://text/shell/monitor/glucose.json
reporting monitor/glucose.json
my722://JSON/read_clock/monitor/clock.json
reporting monitor/clock.json
my722://JSON/read_temp_basal/monitor/temp_basal.json
reporting monitor/temp_basal.json
my722://JSON/iter_pump_hours/monitor/pumphistory.json
reporting monitor/pumphistory.json
calculate-iob://JSON/shell/monitor/iob.json
reporting monitor/iob.json
calculate-iob://JSON/shell/monitor/iob.json
reporting monitor/iob.json
{"delta":22,"glucose":136,"avgdelta":10.333333333333334}
{"duration":0,"rate":0.85,"temp":"absolute"}
{"bolusiob":0.24725952798250003,"iob":1.8686404867025006,"activity":0.04868397727272727}
{"max_iob":2,"type":"current","dia":4,"current_basal":0.5,"max_daily_basal":0.5,"max_basal":2.5,"min_bg":118,"max_bg":126,"sens":79}
determine-basal://text/shell/enact/suggested.json
reporting enact/suggested.json
{"temp":"absolute","bg":136,"tick":"+22","eventualBG":77,"snoozeBG":106,"reason":"Eventual BG 77<118, but Delta +22 > Exp. Delta -18.3; no temp to cancel"}

Thu 24 Mar 22:30:02 GMT 2016
PREFLIGHT OK
curl://text/shell/monitor/glucose.json
reporting monitor/glucose.json
my722://JSON/read_clock/monitor/clock.json
reporting monitor/clock.json
my722://JSON/read_temp_basal/monitor/temp_basal.json
reporting monitor/temp_basal.json
my722://JSON/iter_pump_hours/monitor/pumphistory.json
reporting monitor/pumphistory.json
calculate-iob://JSON/shell/monitor/iob.json
reporting monitor/iob.json
calculate-iob://JSON/shell/monitor/iob.json
reporting monitor/iob.json
{"delta":-5,"glucose":131,"avgdelta":6.333333333333333}
{"duration":0,"rate":0.85,"temp":"absolute"}
{"bolusiob":0.19393335178250007,"iob":1.6881888991824994,"activity":0.047784709595959596}
{"max_iob":2,"type":"current","dia":4,"current_basal":0.5,"max_daily_basal":0.5,"max_basal":2.5,"min_bg":118,"max_bg":126,"sens":79}
determine-basal://text/shell/enact/suggested.json
reporting enact/suggested.json
{"temp":"absolute","bg":131,"tick":-5,"eventualBG":74,"snoozeBG":97,"reason":"Eventual BG 74<118, no temp, setting 0.32U/hr","duration":30,"rate":0.3}

Thu 24 Mar 22:35:02 GMT 2016
PREFLIGHT OK
curl://text/shell/monitor/glucose.json
reporting monitor/glucose.json
my722://JSON/read_clock/monitor/clock.json
reporting monitor/clock.json
my722://JSON/read_temp_basal/monitor/temp_basal.json
reporting monitor/temp_basal.json
my722://JSON/iter_pump_hours/monitor/pumphistory.json
reporting monitor/pumphistory.json
calculate-iob://JSON/shell/monitor/iob.json
reporting monitor/iob.json
calculate-iob://JSON/shell/monitor/iob.json
reporting monitor/iob.json
{"delta":-4,"glucose":127,"avgdelta":4.333333333333334}
{"duration":0,"rate":0.85,"temp":"absolute"}
{"bolusiob":0.14663006325000003,"iob":1.5143591288900002,"activity":0.04687638888888889}
{"max_iob":2,"type":"current","dia":4,"current_basal":0.5,"max_daily_basal":0.5,"max_basal":2.5,"min_bg":118,"max_bg":126,"sens":79}
determine-basal://text/shell/enact/suggested.json
reporting enact/suggested.json
{"temp":"absolute","bg":127,"tick":-4,"eventualBG":76,"snoozeBG":93,"reason":"Eventual BG 76<118, no temp, setting 0.34U/hr","duration":30,"rate":0.35}

Thu 24 Mar 22:40:02 GMT 2016
PREFLIGHT OK
curl://text/shell/monitor/glucose.json
reporting monitor/glucose.json
my722://JSON/read_clock/monitor/clock.json
reporting monitor/clock.json
my722://JSON/read_temp_basal/monitor/temp_basal.json
reporting monitor/temp_basal.json
my722://JSON/iter_pump_hours/monitor/pumphistory.json
reporting monitor/pumphistory.json
calculate-iob://JSON/shell/monitor/iob.json
reporting monitor/iob.json
calculate-iob://JSON/shell/monitor/iob.json
reporting monitor/iob.json
{"delta":-2,"glucose":125,"avgdelta":-3.6666666666666665}
{"duration":0,"rate":0.85,"temp":"absolute"}
{"bolusiob":0.10629258508000004,"iob":1.3506162210800001,"activity":0.04597712121212121}
{"max_iob":2,"type":"current","dia":4,"current_basal":0.5,"max_daily_basal":0.5,"max_basal":2.5,"min_bg":118,"max_bg":126,"sens":79}
determine-basal://text/shell/enact/suggested.json
reporting enact/suggested.json
{"temp":"absolute","bg":125,"tick":-2,"eventualBG":61,"snoozeBG":74,"reason":"Eventual BG 61<118, no temp, setting 0.24U/hr","duration":30,"rate":0.25}

Thu 24 Mar 22:45:01 GMT 2016
PREFLIGHT OK
curl://text/shell/monitor/glucose.json
reporting monitor/glucose.json
my722://JSON/read_clock/monitor/clock.json
reporting monitor/clock.json
my722://JSON/read_temp_basal/monitor/temp_basal.json
reporting monitor/temp_basal.json
my722://JSON/iter_pump_hours/monitor/pumphistory.json
reporting monitor/pumphistory.json
calculate-iob://JSON/shell/monitor/iob.json
reporting monitor/iob.json
calculate-iob://JSON/shell/monitor/iob.json
reporting monitor/iob.json
{"delta":2,"glucose":127,"avgdelta":-1.3333333333333333}
{"duration":0,"rate":0.85,"temp":"absolute"}
{"bolusiob":0.07190366598249995,"iob":1.1926488247024998,"activity":0.04506276515151515}
{"max_iob":2,"type":"current","dia":4,"current_basal":0.5,"max_daily_basal":0.5,"max_basal":2.5,"min_bg":118,"max_bg":126,"sens":79}
determine-basal://text/shell/enact/suggested.json
reporting enact/suggested.json
{"temp":"absolute","bg":127,"tick":"+2","eventualBG":82,"snoozeBG":91,"reason":"Eventual BG 82<118, no temp, setting 0.44U/hr","duration":30,"rate":0.45}

Thu 24 Mar 22:50:02 GMT 2016
PREFLIGHT OK
curl://text/shell/monitor/glucose.json
reporting monitor/glucose.json
my722://JSON/read_clock/monitor/clock.json
reporting monitor/clock.json
my722://JSON/read_temp_basal/monitor/temp_basal.json
reporting monitor/temp_basal.json
my722://JSON/iter_pump_hours/monitor/pumphistory.json
reporting monitor/pumphistory.json
calculate-iob://JSON/shell/monitor/iob.json
reporting monitor/iob.json
calculate-iob://JSON/shell/monitor/iob.json
reporting monitor/iob.json
{"delta":6,"glucose":133,"avgdelta":2}
{"duration":0,"rate":0.85,"temp":"absolute"}
{"bolusiob":0.04467907708000008,"iob":1.0461497010800005,"activity":0.04416651515151515}
{"max_iob":2,"type":"current","dia":4,"current_basal":0.5,"max_daily_basal":0.5,"max_basal":2.5,"min_bg":118,"max_bg":126,"sens":79}
determine-basal://text/shell/enact/suggested.json
reporting enact/suggested.json
{"temp":"absolute","bg":133,"tick":"+6","eventualBG":108,"snoozeBG":113,"reason":"Eventual BG 108<118, but Delta +6 > Exp. Delta -17.2; no temp to cancel"}

Thu 24 Mar 22:55:02 GMT 2016
PREFLIGHT OK
curl://text/shell/monitor/glucose.json
reporting monitor/glucose.json
my722://JSON/read_clock/monitor/clock.json
reporting monitor/clock.json
my722://JSON/read_temp_basal/monitor/temp_basal.json
reporting monitor/temp_basal.json
my722://JSON/iter_pump_hours/monitor/pumphistory.json
reporting monitor/pumphistory.json
calculate-iob://JSON/shell/monitor/iob.json
reporting monitor/iob.json
calculate-iob://JSON/shell/monitor/iob.json
reporting monitor/iob.json
{"delta":12,"glucose":145,"avgdelta":6.666666666666666}
{"duration":0,"rate":0.85,"temp":"absolute"}
{"bolusiob":0.02351883498250004,"iob":0.9096361159056244,"activity":0.04260549242424243}
{"max_iob":2,"type":"current","dia":4,"current_basal":0.5,"max_daily_basal":0.5,"max_basal":2.5,"min_bg":118,"max_bg":126,"sens":79}
determine-basal://text/shell/enact/suggested.json
reporting enact/suggested.json
{"temp":"absolute","bg":145,"tick":"+12","eventualBG":143,"snoozeBG":146,"reason":"Eventual BG 143>126, no temp, setting 1.032U/hr","duration":30,"rate":1.05}

Thu 24 Mar 23:00:02 GMT 2016
PREFLIGHT OK
curl://text/shell/monitor/glucose.json
reporting monitor/glucose.json
my722://JSON/read_clock/monitor/clock.json
reporting monitor/clock.json
my722://JSON/read_temp_basal/monitor/temp_basal.json
reporting monitor/temp_basal.json
my722://JSON/iter_pump_hours/monitor/pumphistory.json
reporting monitor/pumphistory.json
calculate-iob://JSON/shell/monitor/iob.json
reporting monitor/iob.json
calculate-iob://JSON/shell/monitor/iob.json
reporting monitor/iob.json
{"delta":17,"glucose":162,"avgdelta":11.666666666666668}
{"duration":0,"rate":0.85,"temp":"absolute"}
{"bolusiob":1.0082362720825,"iob":1.7872985102106247,"activity":0.04115094696969697}
{"max_iob":2,"type":"current","dia":4,"current_basal":0.5,"max_daily_basal":0.5,"max_basal":2.5,"min_bg":118,"max_bg":126,"sens":79}
determine-basal://text/shell/enact/suggested.json
reporting enact/suggested.json
{"temp":"absolute","bg":162,"tick":"+17","eventualBG":105,"snoozeBG":224,"reason":"Eventual BG 105<118, but Delta +17 > Exp. Delta -15.9; no temp to cancel"}
