
Thu 24 Mar 23:40:02 GMT 2016
PREFLIGHT OK
curl://text/shell/monitor/glucose.json
reporting monitor/glucose.json
my722://JSON/read_clock/monitor/clock.json
reporting monitor/clock.json
my722://JSON/read_temp_basal/monitor/temp_basal.json
reporting monitor/temp_basal.json
my722://JSON/iter_pump_hours/monitor/pumphistory.json
reporting monitor/pumphistory.json
calculate-iob://JSON/shell/monitor/iob.json
reporting monitor/iob.json
calculate-iob://JSON/shell/monitor/iob.json
reporting monitor/iob.json
determine-basal://text/shell/enact/suggested.json
reporting enact/suggested.json
{"temp":"absolute","bg":281,"tick":"+12","eventualBG":215,"snoozeBG":297,"reason":"Eventual BG 215>126, adj. req. rate:2.9 to maxSafeBasal:1.5, temp 1.5 >~ req 1.5U/hr"}
ENACT SKIP

Thu 24 Mar 23:45:02 GMT 2016
PREFLIGHT OK
curl://text/shell/monitor/glucose.json
reporting monitor/glucose.json
my722://JSON/read_clock/monitor/clock.json
reporting monitor/clock.json
my722://JSON/read_temp_basal/monitor/temp_basal.json
reporting monitor/temp_basal.json
my722://JSON/iter_pump_hours/monitor/pumphistory.json
reporting monitor/pumphistory.json
calculate-iob://JSON/shell/monitor/iob.json
reporting monitor/iob.json
calculate-iob://JSON/shell/monitor/iob.json
reporting monitor/iob.json
determine-basal://text/shell/enact/suggested.json
reporting enact/suggested.json
{"temp":"absolute","bg":281,"tick":"+12","eventualBG":211,"snoozeBG":284,"reason":"max_iob 2, adj. req. rate:2.6 to maxSafeBasal:1.5, temp 1.5 >~ req 1.5U/hr"}
ENACT SKIP

Thu 24 Mar 23:50:02 GMT 2016
PREFLIGHT OK
curl://text/shell/monitor/glucose.json
reporting monitor/glucose.json
my722://JSON/read_clock/monitor/clock.json
reporting monitor/clock.json
my722://JSON/read_temp_basal/monitor/temp_basal.json
reporting monitor/temp_basal.json
my722://JSON/iter_pump_hours/monitor/pumphistory.json
reporting monitor/pumphistory.json
calculate-iob://JSON/shell/monitor/iob.json
reporting monitor/iob.json
calculate-iob://JSON/shell/monitor/iob.json
reporting monitor/iob.json
determine-basal://text/shell/enact/suggested.json
reporting enact/suggested.json
{"temp":"absolute","bg":302,"tick":"+21","eventualBG":77,"snoozeBG":377,"reason":"Eventual BG 77<118, but Delta +21 > Exp. Delta -3.8; cancel","duration":0,"rate":0}
my722://JSON/set_temp_basal/enact/enacted.json
reporting enact/enacted.json
ENACT OK

Thu 24 Mar 23:55:02 GMT 2016
PREFLIGHT OK
curl://text/shell/monitor/glucose.json
reporting monitor/glucose.json
my722://JSON/read_clock/monitor/clock.json
reporting monitor/clock.json
my722://JSON/read_temp_basal/monitor/temp_basal.json
reporting monitor/temp_basal.json
my722://JSON/iter_pump_hours/monitor/pumphistory.json
reporting monitor/pumphistory.json
calculate-iob://JSON/shell/monitor/iob.json
reporting monitor/iob.json
calculate-iob://JSON/shell/monitor/iob.json
reporting monitor/iob.json
determine-basal://text/shell/enact/suggested.json
reporting enact/suggested.json
{"temp":"absolute","bg":310,"tick":"+8","eventualBG":91,"snoozeBG":380,"reason":"Eventual BG 91<118, but Avg. Delta 13.67 > Exp. Delta -4.6; no temp to cancel"}
ENACT SKIP

Fri 25 Mar 00:00:02 GMT 2016
PREFLIGHT OK
curl://text/shell/monitor/glucose.json
reporting monitor/glucose.json
my722://JSON/read_clock/monitor/clock.json
reporting monitor/clock.json
my722://JSON/read_temp_basal/monitor/temp_basal.json
reporting monitor/temp_basal.json
my722://JSON/iter_pump_hours/monitor/pumphistory.json
reporting monitor/pumphistory.json
calculate-iob://JSON/shell/monitor/iob.json
reporting monitor/iob.json
calculate-iob://JSON/shell/monitor/iob.json
reporting monitor/iob.json
determine-basal://text/shell/enact/suggested.json
reporting enact/suggested.json
{"temp":"absolute","bg":321,"tick":"+11","eventualBG":107,"snoozeBG":383,"reason":"Eventual BG 107<118, but Avg. Delta 13.33 > Exp. Delta -5.4; no temp to cancel"}
ENACT SKIP

Fri 25 Mar 00:05:02 GMT 2016
PREFLIGHT FAIL

Fri 25 Mar 00:10:02 GMT 2016
PREFLIGHT FAIL

Fri 25 Mar 00:15:38 GMT 2016
PREFLIGHT OK
curl://text/shell/monitor/glucose.json
reporting monitor/glucose.json
my722://JSON/read_clock/monitor/clock.json
reporting monitor/clock.json
my722://JSON/read_temp_basal/monitor/temp_basal.json
reporting monitor/temp_basal.json
my722://JSON/iter_pump_hours/monitor/pumphistory.json
reporting monitor/pumphistory.json
calculate-iob://JSON/shell/monitor/iob.json
reporting monitor/iob.json
calculate-iob://JSON/shell/monitor/iob.json
reporting monitor/iob.json
determine-basal://text/shell/enact/suggested.json
reporting enact/suggested.json
ENACT SKIP

Fri 25 Mar 00:20:02 GMT 2016
PREFLIGHT OK
curl://text/shell/monitor/glucose.json
reporting monitor/glucose.json
my722://JSON/read_clock/monitor/clock.json
reporting monitor/clock.json
my722://JSON/read_temp_basal/monitor/temp_basal.json
reporting monitor/temp_basal.json
my722://JSON/iter_pump_hours/monitor/pumphistory.json

Fri 25 Mar 00:25:02 GMT 2016
PREFLIGHT OK
curl://text/shell/monitor/glucose.json
reporting monitor/glucose.json
my722://JSON/read_clock/monitor/clock.json
reporting monitor/clock.json
my722://JSON/read_temp_basal/monitor/temp_basal.json
reporting monitor/temp_basal.json
my722://JSON/iter_pump_hours/monitor/pumphistory.json
reporting monitor/pumphistory.json
calculate-iob://JSON/shell/monitor/iob.json
reporting monitor/iob.json
calculate-iob://JSON/shell/monitor/iob.json
reporting monitor/iob.json
determine-basal://text/shell/enact/suggested.json
reporting enact/suggested.json
{"temp":"absolute","bg":328,"tick":-7,"eventualBG":93,"snoozeBG":286,"reason":"Eventual BG 93<118bolus snooze: eventual BG range 93-286"}
ENACT SKIP

Fri 25 Mar 00:30:02 GMT 2016
PREFLIGHT OK
curl://text/shell/monitor/glucose.json
reporting monitor/glucose.json
my722://JSON/read_clock/monitor/clock.json
reporting monitor/clock.json
my722://JSON/read_temp_basal/monitor/temp_basal.json
reporting monitor/temp_basal.json
my722://JSON/iter_pump_hours/monitor/pumphistory.json
reporting monitor/pumphistory.json
calculate-iob://JSON/shell/monitor/iob.json
reporting monitor/iob.json
calculate-iob://JSON/shell/monitor/iob.json
reporting monitor/iob.json
determine-basal://text/shell/enact/suggested.json
reporting enact/suggested.json
{"temp":"absolute","bg":325,"tick":-3,"eventualBG":105,"snoozeBG":278,"reason":"Eventual BG 105<118bolus snooze: eventual BG range 105-278"}
ENACT SKIP

Fri 25 Mar 00:35:02 GMT 2016
PREFLIGHT OK
curl://text/shell/monitor/glucose.json
reporting monitor/glucose.json
my722://JSON/read_clock/monitor/clock.json
reporting monitor/clock.json
my722://JSON/read_temp_basal/monitor/temp_basal.json
reporting monitor/temp_basal.json
my722://JSON/iter_pump_hours/monitor/pumphistory.json
reporting monitor/pumphistory.json
calculate-iob://JSON/shell/monitor/iob.json
reporting monitor/iob.json
calculate-iob://JSON/shell/monitor/iob.json
reporting monitor/iob.json
determine-basal://text/shell/enact/suggested.json
reporting enact/suggested.json
{"temp":"absolute","bg":315,"tick":-10,"eventualBG":101,"snoozeBG":252,"reason":"Eventual BG 101<118bolus snooze: eventual BG range 101-252"}
ENACT SKIP

Fri 25 Mar 00:40:02 GMT 2016
PREFLIGHT OK
curl://text/shell/monitor/glucose.json
reporting monitor/glucose.json
my722://JSON/read_clock/monitor/clock.json
reporting monitor/clock.json
my722://JSON/read_temp_basal/monitor/temp_basal.json
reporting monitor/temp_basal.json
my722://JSON/iter_pump_hours/monitor/pumphistory.json
reporting monitor/pumphistory.json
calculate-iob://JSON/shell/monitor/iob.json
reporting monitor/iob.json
calculate-iob://JSON/shell/monitor/iob.json
reporting monitor/iob.json
determine-basal://text/shell/enact/suggested.json
reporting enact/suggested.json
{"temp":"absolute","bg":301,"tick":-14,"eventualBG":89,"snoozeBG":218,"reason":"Eventual BG 89<118bolus snooze: eventual BG range 89-218"}
ENACT SKIP

Fri 25 Mar 00:45:02 GMT 2016
PREFLIGHT OK
curl://text/shell/monitor/glucose.json
reporting monitor/glucose.json
my722://JSON/read_clock/monitor/clock.json
reporting monitor/clock.json
my722://JSON/read_temp_basal/monitor/temp_basal.json
reporting monitor/temp_basal.json
my722://JSON/iter_pump_hours/monitor/pumphistory.json
reporting monitor/pumphistory.json
calculate-iob://JSON/shell/monitor/iob.json
reporting monitor/iob.json
calculate-iob://JSON/shell/monitor/iob.json
reporting monitor/iob.json
determine-basal://text/shell/enact/suggested.json
reporting enact/suggested.json
{"temp":"absolute","bg":290,"tick":-11,"eventualBG":80,"snoozeBG":189,"reason":"Eventual BG 80<118bolus snooze: eventual BG range 80-189"}
ENACT SKIP

Fri 25 Mar 00:50:02 GMT 2016
PREFLIGHT OK
curl://text/shell/monitor/glucose.json
reporting monitor/glucose.json
my722://JSON/read_clock/monitor/clock.json
reporting monitor/clock.json
my722://JSON/read_temp_basal/monitor/temp_basal.json
reporting monitor/temp_basal.json
my722://JSON/iter_pump_hours/monitor/pumphistory.json
reporting monitor/pumphistory.json
calculate-iob://JSON/shell/monitor/iob.json
reporting monitor/iob.json
calculate-iob://JSON/shell/monitor/iob.json
reporting monitor/iob.json
determine-basal://text/shell/enact/suggested.json
reporting enact/suggested.json
{"temp":"absolute","bg":280,"tick":-10,"eventualBG":79,"snoozeBG":170,"reason":"Eventual BG 79<118bolus snooze: eventual BG range 79-170"}
ENACT SKIP

Fri 25 Mar 00:55:01 GMT 2016
PREFLIGHT OK
curl://text/shell/monitor/glucose.json
reporting monitor/glucose.json
my722://JSON/read_clock/monitor/clock.json
reporting monitor/clock.json
my722://JSON/read_temp_basal/monitor/temp_basal.json
reporting monitor/temp_basal.json
my722://JSON/iter_pump_hours/monitor/pumphistory.json
reporting monitor/pumphistory.json
calculate-iob://JSON/shell/monitor/iob.json
reporting monitor/iob.json
calculate-iob://JSON/shell/monitor/iob.json
reporting monitor/iob.json
determine-basal://text/shell/enact/suggested.json
reporting enact/suggested.json
{"temp":"absolute","bg":269,"tick":-11,"eventualBG":81,"snoozeBG":156,"reason":"Eventual BG 81<118bolus snooze: eventual BG range 81-156"}
ENACT SKIP

Fri 25 Mar 01:00:02 GMT 2016
PREFLIGHT OK
curl://text/shell/monitor/glucose.json
reporting monitor/glucose.json
my722://JSON/read_clock/monitor/clock.json
reporting monitor/clock.json
my722://JSON/read_temp_basal/monitor/temp_basal.json
reporting monitor/temp_basal.json
my722://JSON/iter_pump_hours/monitor/pumphistory.json
reporting monitor/pumphistory.json
calculate-iob://JSON/shell/monitor/iob.json
reporting monitor/iob.json
calculate-iob://JSON/shell/monitor/iob.json
reporting monitor/iob.json
determine-basal://text/shell/enact/suggested.json
reporting enact/suggested.json
{"temp":"absolute","bg":260,"tick":-9,"eventualBG":84,"snoozeBG":145,"reason":"Eventual BG 84<118bolus snooze: eventual BG range 84-145"}
ENACT SKIP

Fri 25 Mar 01:05:01 GMT 2016
PREFLIGHT OK
curl://text/shell/monitor/glucose.json
reporting monitor/glucose.json
my722://JSON/read_clock/monitor/clock.json
reporting monitor/clock.json
my722://JSON/read_temp_basal/monitor/temp_basal.json
reporting monitor/temp_basal.json
my722://JSON/iter_pump_hours/monitor/pumphistory.json
reporting monitor/pumphistory.json
calculate-iob://JSON/shell/monitor/iob.json
reporting monitor/iob.json
calculate-iob://JSON/shell/monitor/iob.json
reporting monitor/iob.json
determine-basal://text/shell/enact/suggested.json
reporting enact/suggested.json
{"temp":"absolute","bg":260,"tick":-9,"eventualBG":95,"snoozeBG":144,"reason":"Eventual BG 95<118bolus snooze: eventual BG range 95-144"}
ENACT SKIP

Fri 25 Mar 01:10:02 GMT 2016
PREFLIGHT OK
curl://text/shell/monitor/glucose.json
reporting monitor/glucose.json
my722://JSON/read_clock/monitor/clock.json
reporting monitor/clock.json
my722://JSON/read_temp_basal/monitor/temp_basal.json
reporting monitor/temp_basal.json
my722://JSON/iter_pump_hours/monitor/pumphistory.json
reporting monitor/pumphistory.json
calculate-iob://JSON/shell/monitor/iob.json
reporting monitor/iob.json
calculate-iob://JSON/shell/monitor/iob.json
reporting monitor/iob.json
determine-basal://text/shell/enact/suggested.json
reporting enact/suggested.json
{"temp":"absolute","bg":260,"tick":"+0","eventualBG":114,"snoozeBG":152,"reason":"Eventual BG 114<118bolus snooze: eventual BG range 114-152"}
ENACT SKIP

Fri 25 Mar 01:15:01 GMT 2016
PREFLIGHT OK
curl://text/shell/monitor/glucose.json
reporting monitor/glucose.json
my722://JSON/read_clock/monitor/clock.json
reporting monitor/clock.json
my722://JSON/read_temp_basal/monitor/temp_basal.json
reporting monitor/temp_basal.json
my722://JSON/iter_pump_hours/monitor/pumphistory.json
reporting monitor/pumphistory.json
calculate-iob://JSON/shell/monitor/iob.json
reporting monitor/iob.json
calculate-iob://JSON/shell/monitor/iob.json
reporting monitor/iob.json
determine-basal://text/shell/enact/suggested.json
reporting enact/suggested.json
{"temp":"absolute","bg":266,"tick":"+6","eventualBG":144,"snoozeBG":172,"reason":"Eventual BG 144>126, no temp, setting 1U/hr","duration":30,"rate":1}
my722://JSON/set_temp_basal/enact/enacted.json
reporting enact/enacted.json
ENACT OK

Fri 25 Mar 01:20:02 GMT 2016
PREFLIGHT OK
curl://text/shell/monitor/glucose.json
reporting monitor/glucose.json
my722://JSON/read_clock/monitor/clock.json
reporting monitor/clock.json
my722://JSON/read_temp_basal/monitor/temp_basal.json
reporting monitor/temp_basal.json
my722://JSON/iter_pump_hours/monitor/pumphistory.json
reporting monitor/pumphistory.json
calculate-iob://JSON/shell/monitor/iob.json
reporting monitor/iob.json
calculate-iob://JSON/shell/monitor/iob.json
reporting monitor/iob.json
determine-basal://text/shell/enact/suggested.json
reporting enact/suggested.json
{"temp":"absolute","bg":271,"tick":"+5","eventualBG":170,"snoozeBG":190,"reason":"max_iob 2, temp 1<1.208U/hr","duration":30,"rate":1.2}
my722://JSON/set_temp_basal/enact/enacted.json
reporting enact/enacted.json
ENACT OK

Fri 25 Mar 01:25:02 GMT 2016
PREFLIGHT OK
curl://text/shell/monitor/glucose.json
reporting monitor/glucose.json
my722://JSON/read_clock/monitor/clock.json
reporting monitor/clock.json
my722://JSON/read_temp_basal/monitor/temp_basal.json
reporting monitor/temp_basal.json
my722://JSON/iter_pump_hours/monitor/pumphistory.json
reporting monitor/pumphistory.json
calculate-iob://JSON/shell/monitor/iob.json
reporting monitor/iob.json
calculate-iob://JSON/shell/monitor/iob.json
reporting monitor/iob.json
determine-basal://text/shell/enact/suggested.json
reporting enact/suggested.json
{"temp":"absolute","bg":272,"tick":"+1","eventualBG":175,"snoozeBG":188,"reason":"max_iob 2, temp 1.175 >~ req 1.148U/hr"}
ENACT SKIP

Fri 25 Mar 01:30:02 GMT 2016
PREFLIGHT OK
curl://text/shell/monitor/glucose.json
reporting monitor/glucose.json
my722://JSON/read_clock/monitor/clock.json
reporting monitor/clock.json
my722://JSON/read_temp_basal/monitor/temp_basal.json
reporting monitor/temp_basal.json
my722://JSON/iter_pump_hours/monitor/pumphistory.json
reporting monitor/pumphistory.json
calculate-iob://JSON/shell/monitor/iob.json
reporting monitor/iob.json
calculate-iob://JSON/shell/monitor/iob.json
reporting monitor/iob.json
determine-basal://text/shell/enact/suggested.json
reporting enact/suggested.json
{"temp":"absolute","bg":268,"tick":-4,"eventualBG":167,"snoozeBG":175,"reason":"max_iob 2, temp 1.175 >~ req 1.214U/hr"}
ENACT SKIP

Fri 25 Mar 01:35:01 GMT 2016
PREFLIGHT OK
curl://text/shell/monitor/glucose.json
reporting monitor/glucose.json
my722://JSON/read_clock/monitor/clock.json
reporting monitor/clock.json
my722://JSON/read_temp_basal/monitor/temp_basal.json
reporting monitor/temp_basal.json
my722://JSON/iter_pump_hours/monitor/pumphistory.json
reporting monitor/pumphistory.json
calculate-iob://JSON/shell/monitor/iob.json
reporting monitor/iob.json
calculate-iob://JSON/shell/monitor/iob.json
reporting monitor/iob.json
determine-basal://text/shell/enact/suggested.json
reporting enact/suggested.json
{"temp":"absolute","bg":268,"tick":"+0","eventualBG":167,"snoozeBG":171,"reason":"max_iob 2, temp 1.175<1.29U/hr","duration":30,"rate":1.3}
my722://JSON/set_temp_basal/enact/enacted.json
reporting enact/enacted.json
ENACT OK

Fri 25 Mar 01:40:02 GMT 2016
PREFLIGHT OK
curl://text/shell/monitor/glucose.json
reporting monitor/glucose.json
my722://JSON/read_clock/monitor/clock.json
reporting monitor/clock.json
my722://JSON/read_temp_basal/monitor/temp_basal.json
reporting monitor/temp_basal.json
my722://JSON/iter_pump_hours/monitor/pumphistory.json
reporting monitor/pumphistory.json
calculate-iob://JSON/shell/monitor/iob.json
reporting monitor/iob.json
calculate-iob://JSON/shell/monitor/iob.json
reporting monitor/iob.json
determine-basal://text/shell/enact/suggested.json
reporting enact/suggested.json
{"temp":"absolute","bg":263,"tick":-5,"eventualBG":160,"snoozeBG":161,"reason":"Eventual BG 160>126, temp 1.3 >~ req 1.02U/hr"}
ENACT SKIP

Fri 25 Mar 01:45:02 GMT 2016
PREFLIGHT OK
curl://text/shell/monitor/glucose.json
reporting monitor/glucose.json
my722://JSON/read_clock/monitor/clock.json
reporting monitor/clock.json
my722://JSON/read_temp_basal/monitor/temp_basal.json
reporting monitor/temp_basal.json
my722://JSON/iter_pump_hours/monitor/pumphistory.json
reporting monitor/pumphistory.json
calculate-iob://JSON/shell/monitor/iob.json
reporting monitor/iob.json
calculate-iob://JSON/shell/monitor/iob.json
reporting monitor/iob.json
determine-basal://text/shell/enact/suggested.json
reporting enact/suggested.json
{"temp":"absolute","bg":257,"tick":-6,"eventualBG":157,"snoozeBG":157,"reason":"Eventual BG 157>126, temp 1.3 >~ req 0.88U/hr"}
ENACT SKIP

Fri 25 Mar 01:50:02 GMT 2016
PREFLIGHT OK
curl://text/shell/monitor/glucose.json
reporting monitor/glucose.json
my722://JSON/read_clock/monitor/clock.json
reporting monitor/clock.json
my722://JSON/read_temp_basal/monitor/temp_basal.json
reporting monitor/temp_basal.json
my722://JSON/iter_pump_hours/monitor/pumphistory.json
reporting monitor/pumphistory.json
calculate-iob://JSON/shell/monitor/iob.json
reporting monitor/iob.json
calculate-iob://JSON/shell/monitor/iob.json
reporting monitor/iob.json
determine-basal://text/shell/enact/suggested.json
reporting enact/suggested.json
{"temp":"absolute","bg":251,"tick":-6,"eventualBG":149,"snoozeBG":149,"reason":"Eventual BG 149>126, temp 1.3 >~ req 0.78U/hr"}
ENACT SKIP

Fri 25 Mar 01:55:01 GMT 2016
PREFLIGHT OK
curl://text/shell/monitor/glucose.json
reporting monitor/glucose.json
my722://JSON/read_clock/monitor/clock.json
reporting monitor/clock.json
my722://JSON/read_temp_basal/monitor/temp_basal.json
reporting monitor/temp_basal.json
my722://JSON/iter_pump_hours/monitor/pumphistory.json
reporting monitor/pumphistory.json
calculate-iob://JSON/shell/monitor/iob.json
reporting monitor/iob.json
calculate-iob://JSON/shell/monitor/iob.json
reporting monitor/iob.json
determine-basal://text/shell/enact/suggested.json
reporting enact/suggested.json
{"temp":"absolute","bg":243,"tick":-8,"eventualBG":138,"snoozeBG":138,"reason":"Eventual BG 138>126, temp 1.3 >~ req 0.58U/hr"}
ENACT SKIP

Fri 25 Mar 02:00:02 GMT 2016
PREFLIGHT OK
curl://text/shell/monitor/glucose.json
reporting monitor/glucose.json
my722://JSON/read_clock/monitor/clock.json
reporting monitor/clock.json
my722://JSON/read_temp_basal/monitor/temp_basal.json

Fri 25 Mar 02:05:02 GMT 2016
PREFLIGHT FAIL

Fri 25 Mar 02:10:01 GMT 2016
PREFLIGHT FAIL

Fri 25 Mar 02:15:02 GMT 2016
PREFLIGHT FAIL

Fri 25 Mar 02:20:02 GMT 2016
PREFLIGHT FAIL

Fri 25 Mar 02:25:02 GMT 2016
PREFLIGHT FAIL

Fri 25 Mar 02:30:01 GMT 2016
PREFLIGHT FAIL

Fri 25 Mar 02:35:01 GMT 2016
PREFLIGHT FAIL

Fri 25 Mar 02:40:02 GMT 2016
PREFLIGHT FAIL

Fri 25 Mar 02:45:02 GMT 2016
PREFLIGHT FAIL

Fri 25 Mar 02:50:02 GMT 2016
PREFLIGHT FAIL

Fri 25 Mar 02:55:02 GMT 2016
PREFLIGHT FAIL

Fri 25 Mar 03:00:01 GMT 2016
PREFLIGHT OK
curl://text/shell/monitor/glucose.json
reporting monitor/glucose.json
my722://JSON/read_clock/monitor/clock.json
reporting monitor/clock.json
my722://JSON/read_temp_basal/monitor/temp_basal.json
reporting monitor/temp_basal.json
my722://JSON/iter_pump_hours/monitor/pumphistory.json
reporting monitor/pumphistory.json
calculate-iob://JSON/shell/monitor/iob.json
reporting monitor/iob.json
calculate-iob://JSON/shell/monitor/iob.json
reporting monitor/iob.json
determine-basal://text/shell/enact/suggested.json
reporting enact/suggested.json
{"temp":"absolute","bg":241,"tick":-6,"eventualBG":213,"snoozeBG":213,"reason":"Eventual BG 213>126, no temp, setting 1.1U/hr","duration":30,"rate":1.1}
my722://JSON/set_temp_basal/enact/enacted.json
reporting enact/enacted.json
ENACT OK

Fri 25 Mar 03:05:02 GMT 2016
PREFLIGHT OK
curl://text/shell/monitor/glucose.json
reporting monitor/glucose.json
my722://JSON/read_clock/monitor/clock.json
reporting monitor/clock.json
my722://JSON/read_temp_basal/monitor/temp_basal.json
reporting monitor/temp_basal.json
my722://JSON/iter_pump_hours/monitor/pumphistory.json
reporting monitor/pumphistory.json
calculate-iob://JSON/shell/monitor/iob.json
reporting monitor/iob.json
calculate-iob://JSON/shell/monitor/iob.json
reporting monitor/iob.json
determine-basal://text/shell/enact/suggested.json
reporting enact/suggested.json
{"temp":"absolute","bg":243,"tick":"+2","eventualBG":213,"snoozeBG":213,"reason":"Eventual BG 213>126, adj. req. rate:2.4 to maxSafeBasal:1.5, temp 1.1<1.5U/hr","duration":30,"rate":1.5}
my722://JSON/set_temp_basal/enact/enacted.json
reporting enact/enacted.json
ENACT OK

Fri 25 Mar 03:10:02 GMT 2016
PREFLIGHT OK
curl://text/shell/monitor/glucose.json
reporting monitor/glucose.json
my722://JSON/read_clock/monitor/clock.json
reporting monitor/clock.json
my722://JSON/read_temp_basal/monitor/temp_basal.json
reporting monitor/temp_basal.json
my722://JSON/iter_pump_hours/monitor/pumphistory.json
reporting monitor/pumphistory.json
calculate-iob://JSON/shell/monitor/iob.json
reporting monitor/iob.json
calculate-iob://JSON/shell/monitor/iob.json
reporting monitor/iob.json
determine-basal://text/shell/enact/suggested.json
reporting enact/suggested.json
{"temp":"absolute","bg":243,"tick":"+0","eventualBG":209,"snoozeBG":209,"reason":"Eventual BG 209>126, adj. req. rate:2.3 to maxSafeBasal:1.5, temp 1.5 >~ req 1.5U/hr"}
ENACT SKIP

Fri 25 Mar 03:15:01 GMT 2016
PREFLIGHT OK
curl://text/shell/monitor/glucose.json
reporting monitor/glucose.json
my722://JSON/read_clock/monitor/clock.json
reporting monitor/clock.json
my722://JSON/read_temp_basal/monitor/temp_basal.json
reporting monitor/temp_basal.json
my722://JSON/iter_pump_hours/monitor/pumphistory.json
reporting monitor/pumphistory.json
calculate-iob://JSON/shell/monitor/iob.json
reporting monitor/iob.json
calculate-iob://JSON/shell/monitor/iob.json
reporting monitor/iob.json
determine-basal://text/shell/enact/suggested.json
reporting enact/suggested.json
{"temp":"absolute","bg":242,"tick":-1,"eventualBG":209,"snoozeBG":209,"reason":"Eventual BG 209>126, adj. req. rate:2.4 to maxSafeBasal:1.5, temp 1.5 >~ req 1.5U/hr"}
ENACT SKIP

Fri 25 Mar 03:20:01 GMT 2016
PREFLIGHT OK
curl://text/shell/monitor/glucose.json
reporting monitor/glucose.json
my722://JSON/read_clock/monitor/clock.json
reporting monitor/clock.json
my722://JSON/read_temp_basal/monitor/temp_basal.json
reporting monitor/temp_basal.json
my722://JSON/iter_pump_hours/monitor/pumphistory.json
reporting monitor/pumphistory.json
calculate-iob://JSON/shell/monitor/iob.json
reporting monitor/iob.json
calculate-iob://JSON/shell/monitor/iob.json
reporting monitor/iob.json
determine-basal://text/shell/enact/suggested.json
reporting enact/suggested.json
{"temp":"absolute","bg":241,"tick":-1,"eventualBG":203,"snoozeBG":203,"reason":"Eventual BG 203>126, adj. req. rate:2.3 to maxSafeBasal:1.5, temp 1.5 >~ req 1.5U/hr"}
ENACT SKIP

Fri 25 Mar 03:25:02 GMT 2016
PREFLIGHT OK
curl://text/shell/monitor/glucose.json
reporting monitor/glucose.json
my722://JSON/read_clock/monitor/clock.json
reporting monitor/clock.json
my722://JSON/read_temp_basal/monitor/temp_basal.json
reporting monitor/temp_basal.json
my722://JSON/iter_pump_hours/monitor/pumphistory.json
reporting monitor/pumphistory.json
calculate-iob://JSON/shell/monitor/iob.json
reporting monitor/iob.json
calculate-iob://JSON/shell/monitor/iob.json
reporting monitor/iob.json
determine-basal://text/shell/enact/suggested.json
reporting enact/suggested.json
{"temp":"absolute","bg":242,"tick":"+1","eventualBG":200,"snoozeBG":200,"reason":"Eventual BG 200>126, adj. req. rate:2.4 to maxSafeBasal:1.5, temp 1.5 >~ req 1.5U/hr"}
ENACT SKIP

Fri 25 Mar 03:30:01 GMT 2016
PREFLIGHT OK
curl://text/shell/monitor/glucose.json
reporting monitor/glucose.json
my722://JSON/read_clock/monitor/clock.json
reporting monitor/clock.json
my722://JSON/read_temp_basal/monitor/temp_basal.json
reporting monitor/temp_basal.json
my722://JSON/iter_pump_hours/monitor/pumphistory.json
reporting monitor/pumphistory.json
calculate-iob://JSON/shell/monitor/iob.json
reporting monitor/iob.json
calculate-iob://JSON/shell/monitor/iob.json
reporting monitor/iob.json
determine-basal://text/shell/enact/suggested.json
reporting enact/suggested.json
{"temp":"absolute","bg":244,"tick":"+2","eventualBG":199,"snoozeBG":199,"reason":"Eventual BG 199>126, adj. req. rate:2.4 to maxSafeBasal:1.5, temp 1.5 >~ req 1.5U/hr"}
ENACT SKIP

Fri 25 Mar 03:35:01 GMT 2016
PREFLIGHT OK
curl://text/shell/monitor/glucose.json
reporting monitor/glucose.json
my722://JSON/read_clock/monitor/clock.json
reporting monitor/clock.json
my722://JSON/read_temp_basal/monitor/temp_basal.json
reporting monitor/temp_basal.json
my722://JSON/iter_pump_hours/monitor/pumphistory.json
reporting monitor/pumphistory.json
calculate-iob://JSON/shell/monitor/iob.json
reporting monitor/iob.json
calculate-iob://JSON/shell/monitor/iob.json
reporting monitor/iob.json
determine-basal://text/shell/enact/suggested.json
reporting enact/suggested.json
{"temp":"absolute","bg":243,"tick":-1,"eventualBG":197,"snoozeBG":197,"reason":"Eventual BG 197>126, adj. req. rate:2.1 to maxSafeBasal:1.5, temp 1.5 >~ req 1.5U/hr"}
ENACT SKIP

Fri 25 Mar 03:40:01 GMT 2016
PREFLIGHT OK
curl://text/shell/monitor/glucose.json
reporting monitor/glucose.json
my722://JSON/read_clock/monitor/clock.json
reporting monitor/clock.json
my722://JSON/read_temp_basal/monitor/temp_basal.json
reporting monitor/temp_basal.json
my722://JSON/iter_pump_hours/monitor/pumphistory.json
reporting monitor/pumphistory.json
calculate-iob://JSON/shell/monitor/iob.json
reporting monitor/iob.json
calculate-iob://JSON/shell/monitor/iob.json
reporting monitor/iob.json
determine-basal://text/shell/enact/suggested.json
reporting enact/suggested.json
{"temp":"absolute","bg":245,"tick":"+2","eventualBG":201,"snoozeBG":201,"reason":"Eventual BG 201>126, adj. req. rate:2.5 to maxSafeBasal:1.5, no temp, setting 1.5U/hr","duration":30,"rate":1.5}
my722://JSON/set_temp_basal/enact/enacted.json
reporting enact/enacted.json
ENACT OK

Fri 25 Mar 03:45:01 GMT 2016
PREFLIGHT FAIL

Fri 25 Mar 03:50:02 GMT 2016
PREFLIGHT FAIL

Fri 25 Mar 03:55:02 GMT 2016
PREFLIGHT OK
curl://text/shell/monitor/glucose.json
reporting monitor/glucose.json
my722://JSON/read_clock/monitor/clock.json
reporting monitor/clock.json
my722://JSON/read_temp_basal/monitor/temp_basal.json
reporting monitor/temp_basal.json
my722://JSON/iter_pump_hours/monitor/pumphistory.json
reporting monitor/pumphistory.json
calculate-iob://JSON/shell/monitor/iob.json
reporting monitor/iob.json
calculate-iob://JSON/shell/monitor/iob.json
reporting monitor/iob.json
determine-basal://text/shell/enact/suggested.json
reporting enact/suggested.json
{"temp":"absolute","bg":246,"tick":-1,"eventualBG":179,"snoozeBG":179,"reason":"Eventual BG 179>126, adj. req. rate:1.5 to maxSafeBasal:1.5, temp 1.5 >~ req 1.5U/hr"}
ENACT SKIP

Fri 25 Mar 04:00:02 GMT 2016
PREFLIGHT OK
curl://text/shell/monitor/glucose.json
reporting monitor/glucose.json
my722://JSON/read_clock/monitor/clock.json
reporting monitor/clock.json
my722://JSON/read_temp_basal/monitor/temp_basal.json
reporting monitor/temp_basal.json
my722://JSON/iter_pump_hours/monitor/pumphistory.json
reporting monitor/pumphistory.json
calculate-iob://JSON/shell/monitor/iob.json
reporting monitor/iob.json
calculate-iob://JSON/shell/monitor/iob.json
reporting monitor/iob.json
determine-basal://text/shell/enact/suggested.json
reporting enact/suggested.json
{"temp":"absolute","bg":251,"tick":"+5","eventualBG":184,"snoozeBG":184,"reason":"Eventual BG 184>126, adj. req. rate:2.1 to maxSafeBasal:1.5, temp 1.5 >~ req 1.5U/hr"}
ENACT SKIP

Fri 25 Mar 04:05:02 GMT 2016
PREFLIGHT OK
curl://text/shell/monitor/glucose.json
reporting monitor/glucose.json
my722://JSON/read_clock/monitor/clock.json
reporting monitor/clock.json
my722://JSON/read_temp_basal/monitor/temp_basal.json
reporting monitor/temp_basal.json
my722://JSON/iter_pump_hours/monitor/pumphistory.json

Fri 25 Mar 04:10:02 GMT 2016
Power-cycling USB to fix dead Carelink stick
PREFLIGHT FAIL

Fri 25 Mar 04:15:01 GMT 2016
Power-cycling USB to fix dead Carelink stick
PREFLIGHT FAIL

Fri 25 Mar 04:20:02 GMT 2016
Power-cycling USB to fix dead Carelink stick
PREFLIGHT FAIL

Fri 25 Mar 04:25:02 GMT 2016
Power-cycling USB to fix dead Carelink stick
PREFLIGHT FAIL

Fri 25 Mar 04:30:01 GMT 2016
Power-cycling USB to fix dead Carelink stick
PREFLIGHT FAIL

Fri 25 Mar 04:35:02 GMT 2016
Power-cycling USB to fix dead Carelink stick
PREFLIGHT FAIL

Fri 25 Mar 04:40:02 GMT 2016
Power-cycling USB to fix dead Carelink stick
PREFLIGHT FAIL

Fri 25 Mar 04:45:02 GMT 2016
Power-cycling USB to fix dead Carelink stick
PREFLIGHT FAIL

Fri 25 Mar 04:50:01 GMT 2016
Power-cycling USB to fix dead Carelink stick
PREFLIGHT FAIL

Fri 25 Mar 04:55:01 GMT 2016
Power-cycling USB to fix dead Carelink stick
PREFLIGHT FAIL

Fri 25 Mar 05:00:01 GMT 2016
Power-cycling USB to fix dead Carelink stick
PREFLIGHT FAIL

Fri 25 Mar 05:05:02 GMT 2016
Power-cycling USB to fix dead Carelink stick
PREFLIGHT FAIL

Fri 25 Mar 05:10:02 GMT 2016
Power-cycling USB to fix dead Carelink stick
PREFLIGHT FAIL

Fri 25 Mar 05:15:02 GMT 2016
Power-cycling USB to fix dead Carelink stick
PREFLIGHT FAIL

Fri 25 Mar 05:20:02 GMT 2016
Power-cycling USB to fix dead Carelink stick
PREFLIGHT FAIL

Fri 25 Mar 05:25:02 GMT 2016
Power-cycling USB to fix dead Carelink stick
PREFLIGHT FAIL

Fri 25 Mar 05:30:02 GMT 2016
Power-cycling USB to fix dead Carelink stick
PREFLIGHT FAIL

Fri 25 Mar 05:35:02 GMT 2016
Power-cycling USB to fix dead Carelink stick
PREFLIGHT FAIL

Fri 25 Mar 05:40:02 GMT 2016
Power-cycling USB to fix dead Carelink stick
PREFLIGHT FAIL

Fri 25 Mar 05:45:02 GMT 2016
Power-cycling USB to fix dead Carelink stick
PREFLIGHT FAIL

Fri 25 Mar 05:50:02 GMT 2016
Power-cycling USB to fix dead Carelink stick
PREFLIGHT FAIL

Fri 25 Mar 05:55:02 GMT 2016
Power-cycling USB to fix dead Carelink stick
PREFLIGHT FAIL

Fri 25 Mar 06:00:02 GMT 2016
Power-cycling USB to fix dead Carelink stick
PREFLIGHT FAIL

Fri 25 Mar 06:05:02 GMT 2016
Power-cycling USB to fix dead Carelink stick
PREFLIGHT FAIL

Fri 25 Mar 06:10:02 GMT 2016
Power-cycling USB to fix dead Carelink stick
PREFLIGHT FAIL

Fri 25 Mar 06:15:02 GMT 2016
Power-cycling USB to fix dead Carelink stick
PREFLIGHT FAIL

Fri 25 Mar 06:20:02 GMT 2016
Power-cycling USB to fix dead Carelink stick
PREFLIGHT FAIL

Fri 25 Mar 06:25:02 GMT 2016
Power-cycling USB to fix dead Carelink stick
PREFLIGHT FAIL

Fri 25 Mar 06:30:01 GMT 2016
Power-cycling USB to fix dead Carelink stick
PREFLIGHT FAIL

Fri 25 Mar 06:35:01 GMT 2016
Power-cycling USB to fix dead Carelink stick
PREFLIGHT FAIL

Fri 25 Mar 06:40:01 GMT 2016
Power-cycling USB to fix dead Carelink stick
PREFLIGHT FAIL

Fri 25 Mar 06:45:01 GMT 2016
Power-cycling USB to fix dead Carelink stick
PREFLIGHT FAIL

Fri 25 Mar 06:50:01 GMT 2016
Power-cycling USB to fix dead Carelink stick
PREFLIGHT FAIL

Fri 25 Mar 06:55:01 GMT 2016
Power-cycling USB to fix dead Carelink stick
PREFLIGHT FAIL

Fri 25 Mar 07:00:02 GMT 2016
Power-cycling USB to fix dead Carelink stick
PREFLIGHT FAIL

Fri 25 Mar 07:05:02 GMT 2016
Power-cycling USB to fix dead Carelink stick
PREFLIGHT FAIL

Fri 25 Mar 07:10:02 GMT 2016
Power-cycling USB to fix dead Carelink stick
PREFLIGHT FAIL

Fri 25 Mar 07:15:02 GMT 2016
Power-cycling USB to fix dead Carelink stick
PREFLIGHT FAIL

Fri 25 Mar 07:20:02 GMT 2016
Power-cycling USB to fix dead Carelink stick
PREFLIGHT FAIL

Fri 25 Mar 07:25:02 GMT 2016
Power-cycling USB to fix dead Carelink stick
PREFLIGHT FAIL

Fri 25 Mar 07:30:02 GMT 2016
Power-cycling USB to fix dead Carelink stick
PREFLIGHT FAIL

Fri 25 Mar 07:35:02 GMT 2016
Power-cycling USB to fix dead Carelink stick
PREFLIGHT FAIL

Fri 25 Mar 07:40:02 GMT 2016
Power-cycling USB to fix dead Carelink stick
PREFLIGHT FAIL

Fri 25 Mar 07:45:02 GMT 2016
Power-cycling USB to fix dead Carelink stick
PREFLIGHT FAIL

Fri 25 Mar 07:50:02 GMT 2016
Power-cycling USB to fix dead Carelink stick
PREFLIGHT FAIL

Fri 25 Mar 07:55:02 GMT 2016
Power-cycling USB to fix dead Carelink stick
PREFLIGHT FAIL

Fri 25 Mar 08:00:02 GMT 2016
Power-cycling USB to fix dead Carelink stick
PREFLIGHT FAIL

Fri 25 Mar 08:05:02 GMT 2016
Power-cycling USB to fix dead Carelink stick
PREFLIGHT FAIL

Fri 25 Mar 08:10:02 GMT 2016
Power-cycling USB to fix dead Carelink stick
PREFLIGHT FAIL

Fri 25 Mar 08:15:02 GMT 2016
Power-cycling USB to fix dead Carelink stick
PREFLIGHT FAIL

Fri 25 Mar 08:20:02 GMT 2016
Power-cycling USB to fix dead Carelink stick
PREFLIGHT FAIL

Fri 25 Mar 08:25:02 GMT 2016
Power-cycling USB to fix dead Carelink stick
PREFLIGHT FAIL

Fri 25 Mar 08:30:02 GMT 2016
Power-cycling USB to fix dead Carelink stick
PREFLIGHT FAIL

Fri 25 Mar 08:35:02 GMT 2016
Power-cycling USB to fix dead Carelink stick
PREFLIGHT FAIL

Fri 25 Mar 08:40:02 GMT 2016
Power-cycling USB to fix dead Carelink stick
PREFLIGHT FAIL

Fri 25 Mar 08:45:02 GMT 2016
Power-cycling USB to fix dead Carelink stick
PREFLIGHT FAIL

Fri 25 Mar 08:50:02 GMT 2016
Power-cycling USB to fix dead Carelink stick
PREFLIGHT FAIL

Fri 25 Mar 08:55:01 GMT 2016
Power-cycling USB to fix dead Carelink stick
PREFLIGHT FAIL

Fri 25 Mar 09:00:01 GMT 2016
Power-cycling USB to fix dead Carelink stick
PREFLIGHT FAIL

Fri 25 Mar 09:05:02 GMT 2016
Power-cycling USB to fix dead Carelink stick
PREFLIGHT FAIL

Fri 25 Mar 09:10:02 GMT 2016
Power-cycling USB to fix dead Carelink stick
PREFLIGHT FAIL

Fri 25 Mar 09:15:02 GMT 2016
Power-cycling USB to fix dead Carelink stick
PREFLIGHT FAIL

Fri 25 Mar 09:20:02 GMT 2016
Power-cycling USB to fix dead Carelink stick
PREFLIGHT FAIL

Fri 25 Mar 09:25:02 GMT 2016
Power-cycling USB to fix dead Carelink stick
PREFLIGHT FAIL

Fri 25 Mar 09:30:02 GMT 2016
Power-cycling USB to fix dead Carelink stick
PREFLIGHT FAIL

Fri 25 Mar 09:35:02 GMT 2016
Power-cycling USB to fix dead Carelink stick
PREFLIGHT FAIL

Fri 25 Mar 09:40:02 GMT 2016
Power-cycling USB to fix dead Carelink stick
PREFLIGHT FAIL

Fri 25 Mar 09:45:02 GMT 2016
Power-cycling USB to fix dead Carelink stick
PREFLIGHT FAIL

Fri 25 Mar 09:50:02 GMT 2016
Power-cycling USB to fix dead Carelink stick
PREFLIGHT FAIL

Fri 25 Mar 09:55:02 GMT 2016
Power-cycling USB to fix dead Carelink stick
PREFLIGHT FAIL

Fri 25 Mar 10:00:02 GMT 2016
Power-cycling USB to fix dead Carelink stick
PREFLIGHT FAIL

Fri 25 Mar 10:05:02 GMT 2016
Power-cycling USB to fix dead Carelink stick
PREFLIGHT FAIL

Fri 25 Mar 10:10:02 GMT 2016
Power-cycling USB to fix dead Carelink stick
PREFLIGHT FAIL

Fri 25 Mar 10:15:02 GMT 2016
PREFLIGHT OK
curl://text/shell/monitor/glucose.json
reporting monitor/glucose.json
my722://JSON/read_clock/monitor/clock.json
reporting monitor/clock.json
my722://JSON/read_temp_basal/monitor/temp_basal.json
reporting monitor/temp_basal.json
my722://JSON/iter_pump_hours/monitor/pumphistory.json
reporting monitor/pumphistory.json
calculate-iob://JSON/shell/monitor/iob.json
reporting monitor/iob.json
calculate-iob://JSON/shell/monitor/iob.json
reporting monitor/iob.json
determine-basal://text/shell/enact/suggested.json
reporting enact/suggested.json
{"temp":"absolute","bg":134,"tick":-5,"eventualBG":-114,"snoozeBG":62,"reason":"Eventual BG -114<118, no temp, setting -0.42U/hr","duration":30,"rate":0}
my722://JSON/set_temp_basal/enact/enacted.json
reporting enact/enacted.json
ENACT OK

Fri 25 Mar 10:20:02 GMT 2016
PREFLIGHT OK
curl://text/shell/monitor/glucose.json
reporting monitor/glucose.json
my722://JSON/read_clock/monitor/clock.json
reporting monitor/clock.json
my722://JSON/read_temp_basal/monitor/temp_basal.json
reporting monitor/temp_basal.json
my722://JSON/iter_pump_hours/monitor/pumphistory.json
reporting monitor/pumphistory.json
calculate-iob://JSON/shell/monitor/iob.json
reporting monitor/iob.json
calculate-iob://JSON/shell/monitor/iob.json
reporting monitor/iob.json
determine-basal://text/shell/enact/suggested.json
reporting enact/suggested.json
{"temp":"absolute","bg":130,"tick":-4,"eventualBG":-111,"snoozeBG":39,"reason":"Eventual BG -111<118, no temp, setting -0.48U/hr","duration":30,"rate":0}
my722://JSON/set_temp_basal/enact/enacted.json
reporting enact/enacted.json
ENACT OK

Fri 25 Mar 10:25:02 GMT 2016
PREFLIGHT OK
curl://text/shell/monitor/glucose.json
reporting monitor/glucose.json
my722://JSON/read_clock/monitor/clock.json
reporting monitor/clock.json
my722://JSON/read_temp_basal/monitor/temp_basal.json
reporting monitor/temp_basal.json
my722://JSON/iter_pump_hours/monitor/pumphistory.json
reporting monitor/pumphistory.json
calculate-iob://JSON/shell/monitor/iob.json
reporting monitor/iob.json
calculate-iob://JSON/shell/monitor/iob.json
reporting monitor/iob.json
determine-basal://text/shell/enact/suggested.json
reporting enact/suggested.json
{"temp":"absolute","bg":129,"tick":-1,"eventualBG":-95,"snoozeBG":33,"reason":"Eventual BG -95<118, no temp, setting -0.34U/hr","duration":30,"rate":0}
my722://JSON/set_temp_basal/enact/enacted.json
reporting enact/enacted.json
ENACT OK

Fri 25 Mar 10:30:02 GMT 2016
PREFLIGHT OK
curl://text/shell/monitor/glucose.json
reporting monitor/glucose.json
my722://JSON/read_clock/monitor/clock.json
reporting monitor/clock.json
my722://JSON/read_temp_basal/monitor/temp_basal.json
reporting monitor/temp_basal.json
my722://JSON/iter_pump_hours/monitor/pumphistory.json
reporting monitor/pumphistory.json
calculate-iob://JSON/shell/monitor/iob.json
reporting monitor/iob.json
calculate-iob://JSON/shell/monitor/iob.json
reporting monitor/iob.json
determine-basal://text/shell/enact/suggested.json
reporting enact/suggested.json
{"temp":"absolute","bg":131,"tick":"+2","eventualBG":-68,"snoozeBG":40,"reason":"Eventual BG -68<118, temp 0 <~ req 0.28U/hr"}
ENACT SKIP

Fri 25 Mar 10:35:01 GMT 2016
PREFLIGHT OK
curl://text/shell/monitor/glucose.json
reporting monitor/glucose.json
my722://JSON/read_clock/monitor/clock.json
reporting monitor/clock.json
my722://JSON/read_temp_basal/monitor/temp_basal.json
reporting monitor/temp_basal.json
my722://JSON/iter_pump_hours/monitor/pumphistory.json
reporting monitor/pumphistory.json
calculate-iob://JSON/shell/monitor/iob.json
reporting monitor/iob.json
calculate-iob://JSON/shell/monitor/iob.json
reporting monitor/iob.json
determine-basal://text/shell/enact/suggested.json
reporting enact/suggested.json
{"temp":"absolute","bg":128,"tick":-3,"eventualBG":-53,"snoozeBG":37,"reason":"Eventual BG -53<118, no temp, setting -0.14U/hr","duration":30,"rate":0}
my722://JSON/set_temp_basal/enact/enacted.json
reporting enact/enacted.json
ENACT OK

Fri 25 Mar 10:40:02 GMT 2016
PREFLIGHT OK
curl://text/shell/monitor/glucose.json
reporting monitor/glucose.json
my722://JSON/read_clock/monitor/clock.json
reporting monitor/clock.json
my722://JSON/read_temp_basal/monitor/temp_basal.json
reporting monitor/temp_basal.json
my722://JSON/iter_pump_hours/monitor/pumphistory.json
reporting monitor/pumphistory.json
calculate-iob://JSON/shell/monitor/iob.json
reporting monitor/iob.json
calculate-iob://JSON/shell/monitor/iob.json
reporting monitor/iob.json
determine-basal://text/shell/enact/suggested.json
reporting enact/suggested.json
{"temp":"absolute","bg":122,"tick":-6,"eventualBG":-46,"snoozeBG":27,"reason":"Eventual BG -46<118, no temp, setting -0.88U/hr","duration":30,"rate":0}
my722://JSON/set_temp_basal/enact/enacted.json
reporting enact/enacted.json
ENACT OK

Fri 25 Mar 10:45:02 GMT 2016
PREFLIGHT OK
curl://text/shell/monitor/glucose.json
reporting monitor/glucose.json
my722://JSON/read_clock/monitor/clock.json
reporting monitor/clock.json
my722://JSON/read_temp_basal/monitor/temp_basal.json
reporting monitor/temp_basal.json
my722://JSON/iter_pump_hours/monitor/pumphistory.json

Fri 25 Mar 10:50:02 GMT 2016
PREFLIGHT FAIL

Fri 25 Mar 10:55:02 GMT 2016
PREFLIGHT FAIL

Fri 25 Mar 11:00:02 GMT 2016
PREFLIGHT FAIL

Fri 25 Mar 11:05:01 GMT 2016
PREFLIGHT FAIL

Fri 25 Mar 11:10:02 GMT 2016
PREFLIGHT FAIL

Fri 25 Mar 11:15:02 GMT 2016
PREFLIGHT FAIL

Fri 25 Mar 11:20:02 GMT 2016
PREFLIGHT FAIL

Fri 25 Mar 11:25:01 GMT 2016
PREFLIGHT FAIL

Fri 25 Mar 11:30:02 GMT 2016
PREFLIGHT FAIL

Fri 25 Mar 11:35:02 GMT 2016
PREFLIGHT FAIL

Fri 25 Mar 11:40:02 GMT 2016
PREFLIGHT FAIL

Fri 25 Mar 11:45:01 GMT 2016
PREFLIGHT FAIL

Fri 25 Mar 11:50:02 GMT 2016
PREFLIGHT FAIL

Fri 25 Mar 11:55:02 GMT 2016
PREFLIGHT FAIL

Fri 25 Mar 12:00:02 GMT 2016
PREFLIGHT FAIL

Fri 25 Mar 12:05:02 GMT 2016
PREFLIGHT FAIL

Fri 25 Mar 12:10:01 GMT 2016
PREFLIGHT FAIL

Fri 25 Mar 12:15:02 GMT 2016
PREFLIGHT FAIL

Fri 25 Mar 12:20:20 GMT 2016
Power-cycling USB to fix dead Carelink stick
PREFLIGHT FAIL

Fri 25 Mar 12:25:02 GMT 2016
Power-cycling USB to fix dead Carelink stick
PREFLIGHT FAIL

Fri 25 Mar 12:30:02 GMT 2016
Power-cycling USB to fix dead Carelink stick
PREFLIGHT FAIL

Fri 25 Mar 12:35:02 GMT 2016
Power-cycling USB to fix dead Carelink stick
PREFLIGHT FAIL

Fri 25 Mar 12:40:19 GMT 2016
Power-cycling USB to fix dead Carelink stick
PREFLIGHT FAIL

Fri 25 Mar 12:45:02 GMT 2016
Power-cycling USB to fix dead Carelink stick
PREFLIGHT FAIL

Fri 25 Mar 12:50:02 GMT 2016
Power-cycling USB to fix dead Carelink stick
PREFLIGHT FAIL

Fri 25 Mar 12:55:02 GMT 2016
Power-cycling USB to fix dead Carelink stick
PREFLIGHT FAIL

Fri 25 Mar 13:00:02 GMT 2016
Power-cycling USB to fix dead Carelink stick
PREFLIGHT FAIL

Fri 25 Mar 13:05:02 GMT 2016
Power-cycling USB to fix dead Carelink stick
PREFLIGHT FAIL

Fri 25 Mar 13:10:02 GMT 2016
Power-cycling USB to fix dead Carelink stick
PREFLIGHT FAIL

Fri 25 Mar 13:15:02 GMT 2016
Power-cycling USB to fix dead Carelink stick
PREFLIGHT FAIL

Fri 25 Mar 13:20:02 GMT 2016
Power-cycling USB to fix dead Carelink stick
PREFLIGHT FAIL

Fri 25 Mar 13:25:02 GMT 2016
Power-cycling USB to fix dead Carelink stick
PREFLIGHT FAIL

Fri 25 Mar 13:30:02 GMT 2016
Power-cycling USB to fix dead Carelink stick
PREFLIGHT FAIL

Fri 25 Mar 13:35:02 GMT 2016
Power-cycling USB to fix dead Carelink stick
PREFLIGHT FAIL

Fri 25 Mar 13:40:02 GMT 2016
Power-cycling USB to fix dead Carelink stick
PREFLIGHT FAIL

Fri 25 Mar 13:45:02 GMT 2016
Power-cycling USB to fix dead Carelink stick
PREFLIGHT FAIL

Fri 25 Mar 13:50:01 GMT 2016
Power-cycling USB to fix dead Carelink stick
PREFLIGHT FAIL

Fri 25 Mar 13:55:02 GMT 2016
Power-cycling USB to fix dead Carelink stick
PREFLIGHT FAIL

Fri 25 Mar 14:00:02 GMT 2016
Power-cycling USB to fix dead Carelink stick
PREFLIGHT FAIL

Fri 25 Mar 14:05:02 GMT 2016
Power-cycling USB to fix dead Carelink stick
PREFLIGHT FAIL

Fri 25 Mar 14:10:02 GMT 2016
Power-cycling USB to fix dead Carelink stick
PREFLIGHT FAIL

Fri 25 Mar 14:15:02 GMT 2016
Power-cycling USB to fix dead Carelink stick
PREFLIGHT FAIL

Fri 25 Mar 14:20:02 GMT 2016
Power-cycling USB to fix dead Carelink stick
PREFLIGHT FAIL

Fri 25 Mar 14:25:02 GMT 2016

Fri 25 Mar 14:30:02 GMT 2016

Fri 25 Mar 16:25:02 GMT 2016
PREFLIGHT OK
curl://text/shell/monitor/glucose.json
reporting monitor/glucose.json
my722://JSON/read_clock/monitor/clock.json
subg_rfspy status: OK
Version: subg_rfspy 0.6
reporting monitor/clock.json
my722://JSON/read_temp_basal/monitor/temp_basal.json
subg_rfspy status: OK
Version: subg_rfspy 0.6
reporting monitor/temp_basal.json
my722://JSON/iter_pump_hours/monitor/pumphistory.json
subg_rfspy status: OK
Version: subg_rfspy 0.6
reporting monitor/pumphistory.json
calculate-iob://JSON/shell/monitor/iob.json
reporting monitor/iob.json
calculate-iob://JSON/shell/monitor/iob.json
reporting monitor/iob.json
determine-basal://text/shell/enact/suggested.json
reporting enact/suggested.json
{"temp":"absolute","bg":171,"tick":"+5","eventualBG":163,"snoozeBG":164,"reason":"Eventual BG 163>126, adj. req. rate:1.5 to maxSafeBasal:1.5, no temp, setting 1.5U/hr","duration":30,"rate":1.5}
my722://JSON/set_temp_basal/enact/enacted.json
subg_rfspy status: OK
Version: subg_rfspy 0.6
reporting enact/enacted.json
ENACT OK

Fri 25 Mar 16:30:02 GMT 2016
PREFLIGHT OK
curl://text/shell/monitor/glucose.json
reporting monitor/glucose.json
my722://JSON/read_clock/monitor/clock.json
subg_rfspy status: OK
Version: subg_rfspy 0.6
reporting monitor/clock.json
my722://JSON/read_temp_basal/monitor/temp_basal.json
subg_rfspy status: OK
Version: subg_rfspy 0.6
reporting monitor/temp_basal.json
my722://JSON/iter_pump_hours/monitor/pumphistory.json
subg_rfspy status: OK
Version: subg_rfspy 0.6
reporting monitor/pumphistory.json
calculate-iob://JSON/shell/monitor/iob.json
reporting monitor/iob.json
calculate-iob://JSON/shell/monitor/iob.json
reporting monitor/iob.json
determine-basal://text/shell/enact/suggested.json
reporting enact/suggested.json
{"temp":"absolute","bg":176,"tick":"+5","eventualBG":163,"snoozeBG":163,"reason":"Eventual BG 163>126, adj. req. rate:1.5 to maxSafeBasal:1.5, temp 1.5 >~ req 1.5U/hr"}
ENACT SKIP

Fri 25 Mar 16:35:01 GMT 2016
Power-cycling USB to fix dead Carelink stick
PREFLIGHT FAIL

Fri 25 Mar 16:40:02 GMT 2016
Power-cycling USB to fix dead Carelink stick
PREFLIGHT FAIL

Fri 25 Mar 16:45:02 GMT 2016
PREFLIGHT OK
curl://text/shell/monitor/glucose.json
reporting monitor/glucose.json
my722://JSON/read_clock/monitor/clock.json
subg_rfspy status: OK
Version: subg_rfspy 0.6
reporting monitor/clock.json
my722://JSON/read_temp_basal/monitor/temp_basal.json
subg_rfspy status: OK
Version: subg_rfspy 0.6
reporting monitor/temp_basal.json
my722://JSON/iter_pump_hours/monitor/pumphistory.json
subg_rfspy status: OK
Version: subg_rfspy 0.6
reporting monitor/pumphistory.json
calculate-iob://JSON/shell/monitor/iob.json
reporting monitor/iob.json
calculate-iob://JSON/shell/monitor/iob.json
reporting monitor/iob.json
determine-basal://text/shell/enact/suggested.json
reporting enact/suggested.json
{"temp":"absolute","bg":189,"tick":"+4","eventualBG":162,"snoozeBG":162,"reason":"Eventual BG 162>126, adj. req. rate:1.5 to maxSafeBasal:1.5, temp 1.5 >~ req 1.5U/hr"}
ENACT SKIP

Fri 25 Mar 16:50:02 GMT 2016
PREFLIGHT OK
curl://text/shell/monitor/glucose.json
reporting monitor/glucose.json
my722://JSON/read_clock/monitor/clock.json
subg_rfspy status: OK
Version: subg_rfspy 0.6
reporting monitor/clock.json
my722://JSON/read_temp_basal/monitor/temp_basal.json
subg_rfspy status: OK
Version: subg_rfspy 0.6
reporting monitor/temp_basal.json
my722://JSON/iter_pump_hours/monitor/pumphistory.json
subg_rfspy status: OK
Version: subg_rfspy 0.6
reporting monitor/pumphistory.json
calculate-iob://JSON/shell/monitor/iob.json
reporting monitor/iob.json
calculate-iob://JSON/shell/monitor/iob.json
reporting monitor/iob.json
determine-basal://text/shell/enact/suggested.json
reporting enact/suggested.json
{"temp":"absolute","bg":194,"tick":"+5","eventualBG":162,"snoozeBG":162,"reason":"Eventual BG 162>126, adj. req. rate:1.5 to maxSafeBasal:1.5, temp 1.5 >~ req 1.5U/hr"}
ENACT SKIP

Fri 25 Mar 16:55:02 GMT 2016
mmtune: PREFLIGHT FAIL

Fri 25 Mar 17:00:01 GMT 2016
mmtune: PREFLIGHT FAIL

Fri 25 Mar 17:05:01 GMT 2016
mmtune: subg_rfspy status: OK
Version: subg_rfspy 0.6
{
  "scanDetails": [
    [
      "916.500", 
      0, 
      -99
    ], 
    [
      "916.520", 
      0, 
      -99
    ], 
    [
      "916.540", 
      0, 
      -99
    ], 
    [
      "916.560", 
      0, 
      -99
    ], 
    [
      "916.580", 
      0, 
      -99
    ], 
    [
      "916.600", 
      0, 
      -99
    ], 
    [
      "916.620", 
      0, 
      -99
    ], 
    [
      "916.640", 
      0, 
      -99
    ], 
    [
      "916.660", 
      0, 
      -99
    ], 
    [
      "916.680", 
      5, 
      -91
    ], 
    [
      "916.700", 
      5, 
      -88
    ], 
    [
      "916.720", 
      5, 
      -87
    ], 
    [
      "916.740", 
      5, 
      -87
    ], 
    [
      "916.760", 
      5, 
      -87
    ], 
    [
      "916.780", 
      5, 
      -88
    ], 
    [
      "916.800", 
      5, 
      -88
    ], 
    [
      "916.820", 
      5, 
      -96
    ], 
    [
      "916.840", 
      0, 
      -99
    ], 
    [
      "916.860", 
      0, 
      -99
    ], 
    [
      "916.880", 
      0, 
      -99
    ], 
    [
      "916.900", 
      0, 
      -99
    ]
  ], 
  "setFreq": 916.76, 
  "usedDefault": false
}PREFLIGHT OK
curl://text/shell/monitor/glucose.json
reporting monitor/glucose.json
my722://JSON/read_clock/monitor/clock.json
subg_rfspy status: OK
Version: subg_rfspy 0.6
reporting monitor/clock.json
my722://JSON/read_temp_basal/monitor/temp_basal.json
subg_rfspy status: OK
Version: subg_rfspy 0.6
reporting monitor/temp_basal.json
my722://JSON/iter_pump_hours/monitor/pumphistory.json
subg_rfspy status: OK
Version: subg_rfspy 0.6
reporting monitor/pumphistory.json
calculate-iob://JSON/shell/monitor/iob.json
reporting monitor/iob.json
calculate-iob://JSON/shell/monitor/iob.json
reporting monitor/iob.json
determine-basal://text/shell/enact/suggested.json
reporting enact/suggested.json
{"temp":"absolute","bg":210,"tick":"+4","eventualBG":182,"snoozeBG":182,"reason":"Eventual BG 182>126, adj. req. rate:2.0 to maxSafeBasal:1.5, no temp, setting 1.5U/hr","duration":30,"rate":1.5}
my722://JSON/set_temp_basal/enact/enacted.json
subg_rfspy status: OK
Version: subg_rfspy 0.6
reporting enact/enacted.json
ENACT OK

Fri 25 Mar 17:10:02 GMT 2016
mmtune: subg_rfspy status: OK
Version: subg_rfspy 0.6
{
  "scanDetails": [
    [
      "916.500", 
      0, 
      -99
    ], 
    [
      "916.520", 
      0, 
      -99
    ], 
    [
      "916.540", 
      0, 
      -99
    ], 
    [
      "916.560", 
      0, 
      -99
    ], 
    [
      "916.580", 
      0, 
      -99
    ], 
    [
      "916.600", 
      0, 
      -99
    ], 
    [
      "916.620", 
      0, 
      -99
    ], 
    [
      "916.640", 
      0, 
      -99
    ], 
    [
      "916.660", 
      0, 
      -99
    ], 
    [
      "916.680", 
      4, 
      -81
    ], 
    [
      "916.700", 
      5, 
      -74
    ], 
    [
      "916.720", 
      5, 
      -77
    ], 
    [
      "916.740", 
      5, 
      -77
    ], 
    [
      "916.760", 
      5, 
      -75
    ], 
    [
      "916.780", 
      5, 
      -76
    ], 
    [
      "916.800", 
      5, 
      -78
    ], 
    [
      "916.820", 
      5, 
      -83
    ], 
    [
      "916.840", 
      0, 
      -99
    ], 
    [
      "916.860", 
      0, 
      -99
    ], 
    [
      "916.880", 
      0, 
      -99
    ], 
    [
      "916.900", 
      0, 
      -99
    ]
  ], 
  "setFreq": 916.7, 
  "usedDefault": false
}PREFLIGHT OK
curl://text/shell/monitor/glucose.json
reporting monitor/glucose.json
my722://JSON/read_clock/monitor/clock.json
subg_rfspy status: OK
Version: subg_rfspy 0.6
reporting monitor/clock.json
my722://JSON/read_temp_basal/monitor/temp_basal.json
subg_rfspy status: OK
Version: subg_rfspy 0.6
reporting monitor/temp_basal.json
my722://JSON/iter_pump_hours/monitor/pumphistory.json
subg_rfspy status: OK
Version: subg_rfspy 0.6
reporting monitor/pumphistory.json
calculate-iob://JSON/shell/monitor/iob.json
reporting monitor/iob.json
calculate-iob://JSON/shell/monitor/iob.json
reporting monitor/iob.json
determine-basal://text/shell/enact/suggested.json
reporting enact/suggested.json
ENACT SKIP

Fri 25 Mar 17:15:02 GMT 2016
mmtune: subg_rfspy status: OK
Version: subg_rfspy 0.6
{
  "scanDetails": [
    [
      "916.500", 
      0, 
      -99
    ], 
    [
      "916.520", 
      0, 
      -99
    ], 
    [
      "916.540", 
      0, 
      -99
    ], 
    [
      "916.560", 
      0, 
      -99
    ], 
    [
      "916.580", 
      0, 
      -99
    ], 
    [
      "916.600", 
      0, 
      -99
    ], 
    [
      "916.620", 
      0, 
      -99
    ], 
    [
      "916.640", 
      0, 
      -99
    ], 
    [
      "916.660", 
      0, 
      -99
    ], 
    [
      "916.680", 
      0, 
      -99
    ], 
    [
      "916.700", 
      0, 
      -99
    ], 
    [
      "916.720", 
      0, 
      -99
    ], 
    [
      "916.740", 
      0, 
      -99
    ], 
    [
      "916.760", 
      0, 
      -99
    ], 
    [
      "916.780", 
      0, 
      -99
    ], 
    [
      "916.800", 
      0, 
      -99
    ], 
    [
      "916.820", 
      0, 
      -99
    ], 
    [
      "916.840", 
      0, 
      -99
    ], 
    [
      "916.860", 
      0, 
      -99
    ], 
    [
      "916.880", 
      0, 
      -99
    ], 
    [
      "916.900", 
      0, 
      -99
    ]
  ], 
  "setFreq": 916.63, 
  "usedDefault": true
}PREFLIGHT FAIL

Fri 25 Mar 17:20:02 GMT 2016
mmtune: subg_rfspy status: OK
Version: subg_rfspy 0.6
{
  "scanDetails": [
    [
      "916.500", 
      0, 
      -99
    ], 
    [
      "916.520", 
      0, 
      -99
    ], 
    [
      "916.540", 
      0, 
      -99
    ], 
    [
      "916.560", 
      0, 
      -99
    ], 
    [
      "916.580", 
      0, 
      -99
    ], 
    [
      "916.600", 
      0, 
      -99
    ], 
    [
      "916.620", 
      0, 
      -99
    ], 
    [
      "916.640", 
      0, 
      -99
    ], 
    [
      "916.660", 
      0, 
      -99
    ], 
    [
      "916.680", 
      4, 
      -80
    ], 
    [
      "916.700", 
      5, 
      -67
    ], 
    [
      "916.720", 
      5, 
      -66
    ], 
    [
      "916.740", 
      5, 
      -66
    ], 
    [
      "916.760", 
      5, 
      -66
    ], 
    [
      "916.780", 
      5, 
      -66
    ], 
    [
      "916.800", 
      5, 
      -71
    ], 
    [
      "916.820", 
      5, 
      -77
    ], 
    [
      "916.840", 
      0, 
      -99
    ], 
    [
      "916.860", 
      0, 
      -99
    ], 
    [
      "916.880", 
      0, 
      -99
    ], 
    [
      "916.900", 
      0, 
      -99
    ]
  ], 
  "setFreq": 916.78, 
  "usedDefault": false
}PREFLIGHT OK
curl://text/shell/monitor/glucose.json
reporting monitor/glucose.json
my722://JSON/read_clock/monitor/clock.json
subg_rfspy status: OK
Version: subg_rfspy 0.6
reporting monitor/clock.json
my722://JSON/read_temp_basal/monitor/temp_basal.json
subg_rfspy status: OK
Version: subg_rfspy 0.6
reporting monitor/temp_basal.json
my722://JSON/iter_pump_hours/monitor/pumphistory.json
subg_rfspy status: OK
Version: subg_rfspy 0.6
reporting monitor/pumphistory.json
calculate-iob://JSON/shell/monitor/iob.json
reporting monitor/iob.json
calculate-iob://JSON/shell/monitor/iob.json
reporting monitor/iob.json
determine-basal://text/shell/enact/suggested.json
reporting enact/suggested.json
{"temp":"absolute","bg":210,"tick":"+1","eventualBG":156,"snoozeBG":156,"reason":"Eventual BG 156>126, temp 1.5 >~ req 1.361U/hr"}
ENACT SKIP

Fri 25 Mar 17:25:02 GMT 2016
mmtune: subg_rfspy status: OK
Version: subg_rfspy 0.6
{
  "scanDetails": [
    [
      "916.500", 
      0, 
      -99
    ], 
    [
      "916.520", 
      0, 
      -99
    ], 
    [
      "916.540", 
      0, 
      -99
    ], 
    [
      "916.560", 
      0, 
      -99
    ], 
    [
      "916.580", 
      0, 
      -99
    ], 
    [
      "916.600", 
      0, 
      -99
    ], 
    [
      "916.620", 
      0, 
      -99
    ], 
    [
      "916.640", 
      0, 
      -99
    ], 
    [
      "916.660", 
      0, 
      -99
    ], 
    [
      "916.680", 
      0, 
      -99
    ], 
    [
      "916.700", 
      0, 
      -99
    ], 
    [
      "916.720", 
      0, 
      -99
    ], 
    [
      "916.740", 
      0, 
      -99
    ], 
    [
      "916.760", 
      0, 
      -99
    ], 
    [
      "916.780", 
      0, 
      -99
    ], 
    [
      "916.800", 
      0, 
      -99
    ], 
    [
      "916.820", 
      0, 
      -99
    ], 
    [
      "916.840", 
      0, 
      -99
    ], 
    [
      "916.860", 
      0, 
      -99
    ], 
    [
      "916.880", 
      0, 
      -99
    ], 
    [
      "916.900", 
      0, 
      -99
    ]
  ], 
  "setFreq": 916.63, 
  "usedDefault": true
}PREFLIGHT FAIL

Fri 25 Mar 17:30:02 GMT 2016
mmtune: subg_rfspy status: OK
Version: subg_rfspy 0.6
{
  "scanDetails": [
    [
      "916.500", 
      0, 
      -99
    ], 
    [
      "916.520", 
      0, 
      -99
    ], 
    [
      "916.540", 
      0, 
      -99
    ], 
    [
      "916.560", 
      0, 
      -99
    ], 
    [
      "916.580", 
      0, 
      -99
    ], 
    [
      "916.600", 
      0, 
      -99
    ], 
    [
      "916.620", 
      0, 
      -99
    ], 
    [
      "916.640", 
      0, 
      -99
    ], 
    [
      "916.660", 
      1, 
      -96
    ], 
    [
      "916.680", 
      4, 
      -77
    ], 
    [
      "916.700", 
      5, 
      -67
    ], 
    [
      "916.720", 
      5, 
      -66
    ], 
    [
      "916.740", 
      5, 
      -66
    ], 
    [
      "916.760", 
      5, 
      -66
    ], 
    [
      "916.780", 
      5, 
      -67
    ], 
    [
      "916.800", 
      5, 
      -71
    ], 
    [
      "916.820", 
      5, 
      -79
    ], 
    [
      "916.840", 
      0, 
      -99
    ], 
    [
      "916.860", 
      0, 
      -99
    ], 
    [
      "916.880", 
      0, 
      -99
    ], 
    [
      "916.900", 
      0, 
      -99
    ]
  ], 
  "setFreq": 916.76, 
  "usedDefault": false
}PREFLIGHT OK
curl://text/shell/monitor/glucose.json
reporting monitor/glucose.json
my722://JSON/read_clock/monitor/clock.json
subg_rfspy status: OK
Version: subg_rfspy 0.6
reporting monitor/clock.json
my722://JSON/read_temp_basal/monitor/temp_basal.json
subg_rfspy status: OK
Version: subg_rfspy 0.6
reporting monitor/temp_basal.json
my722://JSON/iter_pump_hours/monitor/pumphistory.json
subg_rfspy status: OK
Version: subg_rfspy 0.6
reporting monitor/pumphistory.json
calculate-iob://JSON/shell/monitor/iob.json
reporting monitor/iob.json
calculate-iob://JSON/shell/monitor/iob.json
reporting monitor/iob.json
determine-basal://text/shell/enact/suggested.json
reporting enact/suggested.json
ENACT SKIP

Fri 25 Mar 17:35:02 GMT 2016
mmtune: subg_rfspy status: OK
Version: subg_rfspy 0.6
{
  "scanDetails": [
    [
      "916.500", 
      0, 
      -99
    ], 
    [
      "916.520", 
      0, 
      -99
    ], 
    [
      "916.540", 
      0, 
      -99
    ], 
    [
      "916.560", 
      0, 
      -99
    ], 
    [
      "916.580", 
      0, 
      -99
    ], 
    [
      "916.600", 
      0, 
      -99
    ], 
    [
      "916.620", 
      0, 
      -99
    ], 
    [
      "916.640", 
      0, 
      -99
    ], 
    [
      "916.660", 
      0, 
      -99
    ], 
    [
      "916.680", 
      0, 
      -99
    ], 
    [
      "916.700", 
      0, 
      -99
    ], 
    [
      "916.720", 
      0, 
      -99
    ], 
    [
      "916.740", 
      0, 
      -99
    ], 
    [
      "916.760", 
      0, 
      -99
    ], 
    [
      "916.780", 
      0, 
      -99
    ], 
    [
      "916.800", 
      0, 
      -99
    ], 
    [
      "916.820", 
      0, 
      -99
    ], 
    [
      "916.840", 
      0, 
      -99
    ], 
    [
      "916.860", 
      0, 
      -99
    ], 
    [
      "916.880", 
      0, 
      -99
    ], 
    [
      "916.900", 
      0, 
      -99
    ]
  ], 
  "setFreq": 916.63, 
  "usedDefault": true
}PREFLIGHT FAIL

Fri 25 Mar 17:40:02 GMT 2016
mmtune: subg_rfspy status: OK
Version: subg_rfspy 0.6
{
  "scanDetails": [
    [
      "916.500", 
      0, 
      -99
    ], 
    [
      "916.520", 
      0, 
      -99
    ], 
    [
      "916.540", 
      0, 
      -99
    ], 
    [
      "916.560", 
      0, 
      -99
    ], 
    [
      "916.580", 
      0, 
      -99
    ], 
    [
      "916.600", 
      0, 
      -99
    ], 
    [
      "916.620", 
      0, 
      -99
    ], 
    [
      "916.640", 
      0, 
      -99
    ], 
    [
      "916.660", 
      5, 
      -65
    ], 
    [
      "916.680", 
      5, 
      -55
    ], 
    [
      "916.700", 
      5, 
      -53
    ], 
    [
      "916.720", 
      5, 
      -52
    ], 
    [
      "916.740", 
      5, 
      -52
    ], 
    [
      "916.760", 
      5, 
      -52
    ], 
    [
      "916.780", 
      5, 
      -53
    ], 
    [
      "916.800", 
      5, 
      -54
    ], 
    [
      "916.820", 
      5, 
      -63
    ], 
    [
      "916.840", 
      0, 
      -99
    ], 
    [
      "916.860", 
      0, 
      -99
    ], 
    [
      "916.880", 
      0, 
      -99
    ], 
    [
      "916.900", 
      0, 
      -99
    ]
  ], 
  "setFreq": 916.76, 
  "usedDefault": false
}PREFLIGHT OK
curl://text/shell/monitor/glucose.json
reporting monitor/glucose.json
my722://JSON/read_clock/monitor/clock.json
subg_rfspy status: OK
Version: subg_rfspy 0.6
reporting monitor/clock.json
my722://JSON/read_temp_basal/monitor/temp_basal.json
subg_rfspy status: OK
Version: subg_rfspy 0.6
reporting monitor/temp_basal.json
my722://JSON/iter_pump_hours/monitor/pumphistory.json
subg_rfspy status: OK
Version: subg_rfspy 0.6
reporting monitor/pumphistory.json
calculate-iob://JSON/shell/monitor/iob.json
reporting monitor/iob.json
calculate-iob://JSON/shell/monitor/iob.json
reporting monitor/iob.json
determine-basal://text/shell/enact/suggested.json
reporting enact/suggested.json
{"temp":"absolute","bg":208,"tick":-2,"eventualBG":139,"snoozeBG":139,"reason":"Eventual BG 139>126, no temp, setting 0.66U/hr","duration":30,"rate":0.65}
my722://JSON/set_temp_basal/enact/enacted.json
subg_rfspy status: OK
Version: subg_rfspy 0.6
reporting enact/enacted.json
ENACT OK

Fri 25 Mar 17:45:01 GMT 2016
mmtune: subg_rfspy status: OK
Version: subg_rfspy 0.6
{
  "scanDetails": [
    [
      "916.500", 
      0, 
      -99
    ], 
    [
      "916.520", 
      0, 
      -99
    ], 
    [
      "916.540", 
      0, 
      -99
    ], 
    [
      "916.560", 
      0, 
      -99
    ], 
    [
      "916.580", 
      0, 
      -99
    ], 
    [
      "916.600", 
      0, 
      -99
    ], 
    [
      "916.620", 
      0, 
      -99
    ], 
    [
      "916.640", 
      0, 
      -99
    ], 
    [
      "916.660", 
      0, 
      -99
    ], 
    [
      "916.680", 
      0, 
      -99
    ], 
    [
      "916.700", 
      0, 
      -99
    ], 
    [
      "916.720", 
      0, 
      -99
    ], 
    [
      "916.740", 
      0, 
      -99
    ], 
    [
      "916.760", 
      0, 
      -99
    ], 
    [
      "916.780", 
      0, 
      -99
    ], 
    [
      "916.800", 
      0, 
      -99
    ], 
    [
      "916.820", 
      0, 
      -99
    ], 
    [
      "916.840", 
      0, 
      -99
    ], 
    [
      "916.860", 
      0, 
      -99
    ], 
    [
      "916.880", 
      0, 
      -99
    ], 
    [
      "916.900", 
      0, 
      -99
    ]
  ], 
  "setFreq": 916.63, 
  "usedDefault": true
}PREFLIGHT FAIL

Fri 25 Mar 17:50:02 GMT 2016
mmtune: subg_rfspy status: OK
Version: subg_rfspy 0.6
{
  "scanDetails": [
    [
      "916.500", 
      0, 
      -99
    ], 
    [
      "916.520", 
      0, 
      -99
    ], 
    [
      "916.540", 
      0, 
      -99
    ], 
    [
      "916.560", 
      0, 
      -99
    ], 
    [
      "916.580", 
      0, 
      -99
    ], 
    [
      "916.600", 
      0, 
      -99
    ], 
    [
      "916.620", 
      0, 
      -99
    ], 
    [
      "916.640", 
      0, 
      -99
    ], 
    [
      "916.660", 
      5, 
      -65
    ], 
    [
      "916.680", 
      5, 
      -59
    ], 
    [
      "916.700", 
      5, 
      -58
    ], 
    [
      "916.720", 
      5, 
      -57
    ], 
    [
      "916.740", 
      5, 
      -57
    ], 
    [
      "916.760", 
      5, 
      -58
    ], 
    [
      "916.780", 
      5, 
      -59
    ], 
    [
      "916.800", 
      4, 
      -72
    ], 
    [
      "916.820", 
      0, 
      -99
    ], 
    [
      "916.840", 
      0, 
      -99
    ], 
    [
      "916.860", 
      0, 
      -99
    ], 
    [
      "916.880", 
      0, 
      -99
    ], 
    [
      "916.900", 
      0, 
      -99
    ]
  ], 
  "setFreq": 916.74, 
  "usedDefault": false
}PREFLIGHT OK
curl://text/shell/monitor/glucose.json
reporting monitor/glucose.json
my722://JSON/read_clock/monitor/clock.json
subg_rfspy status: OK
Version: subg_rfspy 0.6
reporting monitor/clock.json
my722://JSON/read_temp_basal/monitor/temp_basal.json
subg_rfspy status: OK
Version: subg_rfspy 0.6
reporting monitor/temp_basal.json
my722://JSON/iter_pump_hours/monitor/pumphistory.json
subg_rfspy status: OK
Version: subg_rfspy 0.6
reporting monitor/pumphistory.json
calculate-iob://JSON/shell/monitor/iob.json
reporting monitor/iob.json
calculate-iob://JSON/shell/monitor/iob.json
reporting monitor/iob.json
determine-basal://text/shell/enact/suggested.json
reporting enact/suggested.json
{"temp":"absolute","bg":210,"tick":"+1","eventualBG":145,"snoozeBG":145,"reason":"Eventual BG 145>126, temp 0.65<1.082U/hr","duration":30,"rate":1.1}
my722://JSON/set_temp_basal/enact/enacted.json
subg_rfspy status: OK
Version: subg_rfspy 0.6
reporting enact/enacted.json
ENACT OK

Fri 25 Mar 17:55:02 GMT 2016
mmtune: subg_rfspy status: OK
Version: subg_rfspy 0.6
{
  "scanDetails": [
    [
      "916.500", 
      0, 
      -99
    ], 
    [
      "916.520", 
      0, 
      -99
    ], 
    [
      "916.540", 
      0, 
      -99
    ], 
    [
      "916.560", 
      0, 
      -99
    ], 
    [
      "916.580", 
      0, 
      -99
    ], 
    [
      "916.600", 
      0, 
      -99
    ], 
    [
      "916.620", 
      0, 
      -99
    ], 
    [
      "916.640", 
      0, 
      -99
    ], 
    [
      "916.660", 
      0, 
      -99
    ], 
    [
      "916.680", 
      0, 
      -99
    ], 
    [
      "916.700", 
      0, 
      -99
    ], 
    [
      "916.720", 
      0, 
      -99
    ], 
    [
      "916.740", 
      0, 
      -99
    ], 
    [
      "916.760", 
      0, 
      -99
    ], 
    [
      "916.780", 
      0, 
      -99
    ], 
    [
      "916.800", 
      0, 
      -99
    ], 
    [
      "916.820", 
      0, 
      -99
    ], 
    [
      "916.840", 
      0, 
      -99
    ], 
    [
      "916.860", 
      0, 
      -99
    ], 
    [
      "916.880", 
      0, 
      -99
    ], 
    [
      "916.900", 
      0, 
      -99
    ]
  ], 
  "setFreq": 916.63, 
  "usedDefault": true
}PREFLIGHT FAIL

Fri 25 Mar 18:00:02 GMT 2016
mmtune: subg_rfspy status: OK
Version: subg_rfspy 0.6
{
  "scanDetails": [
    [
      "916.500", 
      0, 
      -99
    ], 
    [
      "916.520", 
      0, 
      -99
    ], 
    [
      "916.540", 
      0, 
      -99
    ], 
    [
      "916.560", 
      0, 
      -99
    ], 
    [
      "916.580", 
      0, 
      -99
    ], 
    [
      "916.600", 
      0, 
      -99
    ], 
    [
      "916.620", 
      0, 
      -99
    ], 
    [
      "916.640", 
      0, 
      -99
    ], 
    [
      "916.660", 
      0, 
      -99
    ], 
    [
      "916.680", 
      4, 
      -64
    ], 
    [
      "916.700", 
      5, 
      -53
    ], 
    [
      "916.720", 
      5, 
      -52
    ], 
    [
      "916.740", 
      5, 
      -52
    ], 
    [
      "916.760", 
      5, 
      -52
    ], 
    [
      "916.780", 
      5, 
      -54
    ], 
    [
      "916.800", 
      5, 
      -55
    ], 
    [
      "916.820", 
      5, 
      -62
    ], 
    [
      "916.840", 
      0, 
      -99
    ], 
    [
      "916.860", 
      0, 
      -99
    ], 
    [
      "916.880", 
      0, 
      -99
    ], 
    [
      "916.900", 
      0, 
      -99
    ]
  ], 
  "setFreq": 916.76, 
  "usedDefault": false
}my722://JSON/read_clock/monitor/clock.json
subg_rfspy status: OK
Version: subg_rfspy 0.6
reporting monitor/clock.json
PREFLIGHT OK
curl://text/shell/monitor/glucose.json
reporting monitor/glucose.json
my722://JSON/read_clock/monitor/clock.json
subg_rfspy status: OK
Version: subg_rfspy 0.6
reporting monitor/clock.json
my722://JSON/read_temp_basal/monitor/temp_basal.json
subg_rfspy status: OK
Version: subg_rfspy 0.6
reporting monitor/temp_basal.json
my722://JSON/iter_pump_hours/monitor/pumphistory.json
subg_rfspy status: OK
Version: subg_rfspy 0.6
reporting monitor/pumphistory.json
calculate-iob://JSON/shell/monitor/iob.json
reporting monitor/iob.json
calculate-iob://JSON/shell/monitor/iob.json
reporting monitor/iob.json
determine-basal://text/shell/enact/suggested.json
reporting enact/suggested.json
{"temp":"absolute","bg":211,"tick":"+0","eventualBG":146,"snoozeBG":146,"reason":"Eventual BG 146>126, temp 1.1 >~ req 1.108U/hr"}
ENACT SKIP

Fri 25 Mar 18:05:02 GMT 2016
mmtune: subg_rfspy status: OK
Version: subg_rfspy 0.6
{
  "scanDetails": [
    [
      "916.500", 
      0, 
      -99
    ], 
    [
      "916.520", 
      0, 
      -99
    ], 
    [
      "916.540", 
      0, 
      -99
    ], 
    [
      "916.560", 
      0, 
      -99
    ], 
    [
      "916.580", 
      0, 
      -99
    ], 
    [
      "916.600", 
      0, 
      -99
    ], 
    [
      "916.620", 
      0, 
      -99
    ], 
    [
      "916.640", 
      0, 
      -99
    ], 
    [
      "916.660", 
      0, 
      -99
    ], 
    [
      "916.680", 
      0, 
      -99
    ], 
    [
      "916.700", 
      0, 
      -99
    ], 
    [
      "916.720", 
      0, 
      -99
    ], 
    [
      "916.740", 
      0, 
      -99
    ], 
    [
      "916.760", 
      0, 
      -99
    ], 
    [
      "916.780", 
      0, 
      -99
    ], 
    [
      "916.800", 
      0, 
      -99
    ], 
    [
      "916.820", 
      0, 
      -99
    ], 
    [
      "916.840", 
      0, 
      -99
    ], 
    [
      "916.860", 
      0, 
      -99
    ], 
    [
      "916.880", 
      0, 
      -99
    ], 
    [
      "916.900", 
      0, 
      -99
    ]
  ], 
  "setFreq": 916.63, 
  "usedDefault": true
}my722://JSON/read_clock/monitor/clock.json
subg_rfspy status: OK
Version: subg_rfspy 0.6
PREFLIGHT FAIL

Fri 25 Mar 18:10:02 GMT 2016
mmtune: subg_rfspy status: OK
Version: subg_rfspy 0.6
{
  "scanDetails": [
    [
      "916.500", 
      0, 
      -99
    ], 
    [
      "916.520", 
      0, 
      -99
    ], 
    [
      "916.540", 
      0, 
      -99
    ], 
    [
      "916.560", 
      0, 
      -99
    ], 
    [
      "916.580", 
      0, 
      -99
    ], 
    [
      "916.600", 
      0, 
      -99
    ], 
    [
      "916.620", 
      0, 
      -99
    ], 
    [
      "916.640", 
      0, 
      -99
    ], 
    [
      "916.660", 
      0, 
      -99
    ], 
    [
      "916.680", 
      4, 
      -70
    ], 
    [
      "916.700", 
      5, 
      -60
    ], 
    [
      "916.720", 
      5, 
      -58
    ], 
    [
      "916.740", 
      5, 
      -59
    ], 
    [
      "916.760", 
      5, 
      -59
    ], 
    [
      "916.780", 
      5, 
      -60
    ], 
    [
      "916.800", 
      5, 
      -62
    ], 
    [
      "916.820", 
      5, 
      -72
    ], 
    [
      "916.840", 
      0, 
      -99
    ], 
    [
      "916.860", 
      0, 
      -99
    ], 
    [
      "916.880", 
      0, 
      -99
    ], 
    [
      "916.900", 
      0, 
      -99
    ]
  ], 
  "setFreq": 916.72, 
  "usedDefault": false
}my722://JSON/read_clock/monitor/clock.json
subg_rfspy status: OK
Version: subg_rfspy 0.6
reporting monitor/clock.json
PREFLIGHT OK
curl://text/shell/monitor/glucose.json
reporting monitor/glucose.json
my722://JSON/read_clock/monitor/clock.json
subg_rfspy status: OK
Version: subg_rfspy 0.6
reporting monitor/clock.json
my722://JSON/read_temp_basal/monitor/temp_basal.json
subg_rfspy status: OK
Version: subg_rfspy 0.6
reporting monitor/temp_basal.json
my722://JSON/iter_pump_hours/monitor/pumphistory.json
subg_rfspy status: OK
Version: subg_rfspy 0.6
reporting monitor/pumphistory.json
calculate-iob://JSON/shell/monitor/iob.json
reporting monitor/iob.json
calculate-iob://JSON/shell/monitor/iob.json
reporting monitor/iob.json
determine-basal://text/shell/enact/suggested.json
reporting enact/suggested.json
{"temp":"absolute","bg":216,"tick":"+3","eventualBG":153,"snoozeBG":153,"reason":"Eventual BG 153>126, temp 1.1<1.285U/hr","duration":30,"rate":1.3}
my722://JSON/set_temp_basal/enact/enacted.json
subg_rfspy status: OK
Version: subg_rfspy 0.6
reporting enact/enacted.json
ENACT OK

Fri 25 Mar 18:15:02 GMT 2016
mmtune: subg_rfspy status: OK
Version: subg_rfspy 0.6
{
  "scanDetails": [
    [
      "916.500", 
      0, 
      -99
    ], 
    [
      "916.520", 
      0, 
      -99
    ], 
    [
      "916.540", 
      0, 
      -99
    ], 
    [
      "916.560", 
      0, 
      -99
    ], 
    [
      "916.580", 
      0, 
      -99
    ], 
    [
      "916.600", 
      0, 
      -99
    ], 
    [
      "916.620", 
      0, 
      -99
    ], 
    [
      "916.640", 
      0, 
      -99
    ], 
    [
      "916.660", 
      0, 
      -99
    ], 
    [
      "916.680", 
      0, 
      -99
    ], 
    [
      "916.700", 
      0, 
      -99
    ], 
    [
      "916.720", 
      0, 
      -99
    ], 
    [
      "916.740", 
      0, 
      -99
    ], 
    [
      "916.760", 
      0, 
      -99
    ], 
    [
      "916.780", 
      0, 
      -99
    ], 
    [
      "916.800", 
      0, 
      -99
    ], 
    [
      "916.820", 
      0, 
      -99
    ], 
    [
      "916.840", 
      0, 
      -99
    ], 
    [
      "916.860", 
      0, 
      -99
    ], 
    [
      "916.880", 
      0, 
      -99
    ], 
    [
      "916.900", 
      0, 
      -99
    ]
  ], 
  "setFreq": 916.63, 
  "usedDefault": true
}my722://JSON/read_clock/monitor/clock.json
subg_rfspy status: OK
Version: subg_rfspy 0.6
PREFLIGHT FAIL

Fri 25 Mar 18:20:01 GMT 2016
mmtune: subg_rfspy status: OK
Version: subg_rfspy 0.6
{
  "scanDetails": [
    [
      "916.500", 
      0, 
      -99
    ], 
    [
      "916.520", 
      0, 
      -99
    ], 
    [
      "916.540", 
      0, 
      -99
    ], 
    [
      "916.560", 
      0, 
      -99
    ], 
    [
      "916.580", 
      0, 
      -99
    ], 
    [
      "916.600", 
      0, 
      -99
    ], 
    [
      "916.620", 
      0, 
      -99
    ], 
    [
      "916.640", 
      0, 
      -99
    ], 
    [
      "916.660", 
      0, 
      -99
    ], 
    [
      "916.680", 
      4, 
      -70
    ], 
    [
      "916.700", 
      5, 
      -60
    ], 
    [
      "916.720", 
      5, 
      -59
    ], 
    [
      "916.740", 
      5, 
      -59
    ], 
    [
      "916.760", 
      5, 
      -59
    ], 
    [
      "916.780", 
      5, 
      -60
    ], 
    [
      "916.800", 
      5, 
      -61
    ], 
    [
      "916.820", 
      5, 
      -69
    ], 
    [
      "916.840", 
      0, 
      -99
    ], 
    [
      "916.860", 
      0, 
      -99
    ], 
    [
      "916.880", 
      0, 
      -99
    ], 
    [
      "916.900", 
      0, 
      -99
    ]
  ], 
  "setFreq": 916.76, 
  "usedDefault": false
}my722://JSON/read_clock/monitor/clock.json
subg_rfspy status: OK
Version: subg_rfspy 0.6
reporting monitor/clock.json
PREFLIGHT OK
curl://text/shell/monitor/glucose.json
reporting monitor/glucose.json
my722://JSON/read_clock/monitor/clock.json
subg_rfspy status: OK
Version: subg_rfspy 0.6
reporting monitor/clock.json
my722://JSON/read_temp_basal/monitor/temp_basal.json
subg_rfspy status: OK
Version: subg_rfspy 0.6
reporting monitor/temp_basal.json
my722://JSON/iter_pump_hours/monitor/pumphistory.json
subg_rfspy status: OK
Version: subg_rfspy 0.6
reporting monitor/pumphistory.json
calculate-iob://JSON/shell/monitor/iob.json
reporting monitor/iob.json
calculate-iob://JSON/shell/monitor/iob.json
reporting monitor/iob.json
determine-basal://text/shell/enact/suggested.json
reporting enact/suggested.json
{"temp":"absolute","bg":216,"tick":"+0","eventualBG":145,"snoozeBG":145,"reason":"Eventual BG 145>126, temp 1.3 >~ req 1.082U/hr"}
ENACT SKIP

Fri 25 Mar 18:25:02 GMT 2016
mmtune: subg_rfspy status: OK
Version: subg_rfspy 0.6
{
  "scanDetails": [
    [
      "916.500", 
      0, 
      -99
    ], 
    [
      "916.520", 
      0, 
      -99
    ], 
    [
      "916.540", 
      0, 
      -99
    ], 
    [
      "916.560", 
      0, 
      -99
    ], 
    [
      "916.580", 
      0, 
      -99
    ], 
    [
      "916.600", 
      0, 
      -99
    ], 
    [
      "916.620", 
      0, 
      -99
    ], 
    [
      "916.640", 
      0, 
      -99
    ], 
    [
      "916.660", 
      0, 
      -99
    ], 
    [
      "916.680", 
      0, 
      -99
    ], 
    [
      "916.700", 
      0, 
      -99
    ], 
    [
      "916.720", 
      0, 
      -99
    ], 
    [
      "916.740", 
      0, 
      -99
    ], 
    [
      "916.760", 
      0, 
      -99
    ], 
    [
      "916.780", 
      0, 
      -99
    ], 
    [
      "916.800", 
      0, 
      -99
    ], 
    [
      "916.820", 
      0, 
      -99
    ], 
    [
      "916.840", 
      0, 
      -99
    ], 
    [
      "916.860", 
      0, 
      -99
    ], 
    [
      "916.880", 
      0, 
      -99
    ], 
    [
      "916.900", 
      0, 
      -99
    ]
  ], 
  "setFreq": 916.63, 
  "usedDefault": true
}my722://JSON/read_clock/monitor/clock.json
subg_rfspy status: OK
Version: subg_rfspy 0.6
PREFLIGHT FAIL

Fri 25 Mar 18:30:02 GMT 2016
mmtune: subg_rfspy status: OK
Version: subg_rfspy 0.6
{
  "scanDetails": [
    [
      "916.500", 
      0, 
      -99
    ], 
    [
      "916.520", 
      0, 
      -99
    ], 
    [
      "916.540", 
      0, 
      -99
    ], 
    [
      "916.560", 
      0, 
      -99
    ], 
    [
      "916.580", 
      0, 
      -99
    ], 
    [
      "916.600", 
      0, 
      -99
    ], 
    [
      "916.620", 
      0, 
      -99
    ], 
    [
      "916.640", 
      0, 
      -99
    ], 
    [
      "916.660", 
      0, 
      -99
    ], 
    [
      "916.680", 
      4, 
      -67
    ], 
    [
      "916.700", 
      5, 
      -54
    ], 
    [
      "916.720", 
      5, 
      -53
    ], 
    [
      "916.740", 
      5, 
      -55
    ], 
    [
      "916.760", 
      5, 
      -55
    ], 
    [
      "916.780", 
      5, 
      -56
    ], 
    [
      "916.800", 
      5, 
      -61
    ], 
    [
      "916.820", 
      5, 
      -67
    ], 
    [
      "916.840", 
      0, 
      -99
    ], 
    [
      "916.860", 
      0, 
      -99
    ], 
    [
      "916.880", 
      0, 
      -99
    ], 
    [
      "916.900", 
      0, 
      -99
    ]
  ], 
  "setFreq": 916.72, 
  "usedDefault": false
}my722://JSON/read_clock/monitor/clock.json
subg_rfspy status: OK
Version: subg_rfspy 0.6
reporting monitor/clock.json
PREFLIGHT OK
curl://text/shell/monitor/glucose.json
reporting monitor/glucose.json
my722://JSON/read_clock/monitor/clock.json
subg_rfspy status: OK
Version: subg_rfspy 0.6
reporting monitor/clock.json
my722://JSON/read_temp_basal/monitor/temp_basal.json
subg_rfspy status: OK
Version: subg_rfspy 0.6
reporting monitor/temp_basal.json
my722://JSON/iter_pump_hours/monitor/pumphistory.json
subg_rfspy status: OK
Version: subg_rfspy 0.6
reporting monitor/pumphistory.json
calculate-iob://JSON/shell/monitor/iob.json
reporting monitor/iob.json
calculate-iob://JSON/shell/monitor/iob.json
reporting monitor/iob.json
determine-basal://text/shell/enact/suggested.json
reporting enact/suggested.json
{"temp":"absolute","bg":213,"tick":-1,"eventualBG":131,"snoozeBG":131,"reason":"Eventual BG 131>126, temp 1.3 >~ req 0.68U/hr"}
ENACT SKIP

Fri 25 Mar 18:35:02 GMT 2016
mmtune: subg_rfspy status: OK
Version: subg_rfspy 0.6
{
  "scanDetails": [
    [
      "916.500", 
      0, 
      -99
    ], 
    [
      "916.520", 
      0, 
      -99
    ], 
    [
      "916.540", 
      0, 
      -99
    ], 
    [
      "916.560", 
      0, 
      -99
    ], 
    [
      "916.580", 
      0, 
      -99
    ], 
    [
      "916.600", 
      0, 
      -99
    ], 
    [
      "916.620", 
      0, 
      -99
    ], 
    [
      "916.640", 
      0, 
      -99
    ], 
    [
      "916.660", 
      0, 
      -99
    ], 
    [
      "916.680", 
      0, 
      -99
    ], 
    [
      "916.700", 
      0, 
      -99
    ], 
    [
      "916.720", 
      0, 
      -99
    ], 
    [
      "916.740", 
      0, 
      -99
    ], 
    [
      "916.760", 
      0, 
      -99
    ], 
    [
      "916.780", 
      0, 
      -99
    ], 
    [
      "916.800", 
      0, 
      -99
    ], 
    [
      "916.820", 
      0, 
      -99
    ], 
    [
      "916.840", 
      0, 
      -99
    ], 
    [
      "916.860", 
      0, 
      -99
    ], 
    [
      "916.880", 
      0, 
      -99
    ], 
    [
      "916.900", 
      0, 
      -99
    ]
  ], 
  "setFreq": 916.63, 
  "usedDefault": true
}my722://JSON/read_clock/monitor/clock.json
subg_rfspy status: OK
Version: subg_rfspy 0.6
PREFLIGHT FAIL

Fri 25 Mar 18:40:02 GMT 2016
mmtune: subg_rfspy status: OK
Version: subg_rfspy 0.6
{
  "scanDetails": [
    [
      "916.500", 
      0, 
      -99
    ], 
    [
      "916.520", 
      0, 
      -99
    ], 
    [
      "916.540", 
      0, 
      -99
    ], 
    [
      "916.560", 
      0, 
      -99
    ], 
    [
      "916.580", 
      0, 
      -99
    ], 
    [
      "916.600", 
      0, 
      -99
    ], 
    [
      "916.620", 
      0, 
      -99
    ], 
    [
      "916.640", 
      0, 
      -99
    ], 
    [
      "916.660", 
      0, 
      -99
    ], 
    [
      "916.680", 
      4, 
      -69
    ], 
    [
      "916.700", 
      5, 
      -58
    ], 
    [
      "916.720", 
      5, 
      -57
    ], 
    [
      "916.740", 
      5, 
      -58
    ], 
    [
      "916.760", 
      5, 
      -56
    ], 
    [
      "916.780", 
      5, 
      -61
    ], 
    [
      "916.800", 
      5, 
      -59
    ], 
    [
      "916.820", 
      5, 
      -67
    ], 
    [
      "916.840", 
      0, 
      -99
    ], 
    [
      "916.860", 
      0, 
      -99
    ], 
    [
      "916.880", 
      0, 
      -99
    ], 
    [
      "916.900", 
      0, 
      -99
    ]
  ], 
  "setFreq": 916.76, 
  "usedDefault": false
}my722://JSON/read_clock/monitor/clock.json
subg_rfspy status: OK
Version: subg_rfspy 0.6
reporting monitor/clock.json
PREFLIGHT OK
curl://text/shell/monitor/glucose.json
reporting monitor/glucose.json
my722://JSON/read_clock/monitor/clock.json
subg_rfspy status: OK
Version: subg_rfspy 0.6
reporting monitor/clock.json
my722://JSON/read_temp_basal/monitor/temp_basal.json
subg_rfspy status: OK
Version: subg_rfspy 0.6
reporting monitor/temp_basal.json
my722://JSON/iter_pump_hours/monitor/pumphistory.json
subg_rfspy status: OK
Version: subg_rfspy 0.6
reporting monitor/pumphistory.json
calculate-iob://JSON/shell/monitor/iob.json
reporting monitor/iob.json
calculate-iob://JSON/shell/monitor/iob.json
reporting monitor/iob.json
determine-basal://text/shell/enact/suggested.json
reporting enact/suggested.json
{"temp":"absolute","bg":211,"tick":-1,"eventualBG":126,"snoozeBG":126,"reason":"Eventual BG 126>126, temp 1.3 >~ req 0.58U/hr"}
ENACT SKIP

Fri 25 Mar 18:45:02 GMT 2016
mmtune: subg_rfspy status: OK
Version: subg_rfspy 0.6
{
  "scanDetails": [
    [
      "916.500", 
      0, 
      -99
    ], 
    [
      "916.520", 
      0, 
      -99
    ], 
    [
      "916.540", 
      0, 
      -99
    ], 
    [
      "916.560", 
      0, 
      -99
    ], 
    [
      "916.580", 
      0, 
      -99
    ], 
    [
      "916.600", 
      0, 
      -99
    ], 
    [
      "916.620", 
      0, 
      -99
    ], 
    [
      "916.640", 
      0, 
      -99
    ], 
    [
      "916.660", 
      0, 
      -99
    ], 
    [
      "916.680", 
      4, 
      -68
    ], 
    [
      "916.700", 
      5, 
      -56
    ], 
    [
      "916.720", 
      5, 
      -55
    ], 
    [
      "916.740", 
      5, 
      -55
    ], 
    [
      "916.760", 
      5, 
      -56
    ], 
    [
      "916.780", 
      5, 
      -54
    ], 
    [
      "916.800", 
      5, 
      -55
    ], 
    [
      "916.820", 
      5, 
      -61
    ], 
    [
      "916.840", 
      0, 
      -99
    ], 
    [
      "916.860", 
      0, 
      -99
    ], 
    [
      "916.880", 
      0, 
      -99
    ], 
    [
      "916.900", 
      0, 
      -99
    ]
  ], 
  "setFreq": 916.78, 
  "usedDefault": false
}my722://JSON/read_clock/monitor/clock.json
subg_rfspy status: OK
Version: subg_rfspy 0.6
reporting monitor/clock.json
PREFLIGHT OK
curl://text/shell/monitor/glucose.json
reporting monitor/glucose.json
my722://JSON/read_clock/monitor/clock.json
subg_rfspy status: OK
Version: subg_rfspy 0.6
reporting monitor/clock.json
my722://JSON/read_temp_basal/monitor/temp_basal.json
subg_rfspy status: OK
Version: subg_rfspy 0.6
reporting monitor/temp_basal.json
my722://JSON/iter_pump_hours/monitor/pumphistory.json
subg_rfspy status: OK
Version: subg_rfspy 0.6
reporting monitor/pumphistory.json
calculate-iob://JSON/shell/monitor/iob.json
reporting monitor/iob.json
calculate-iob://JSON/shell/monitor/iob.json
reporting monitor/iob.json
determine-basal://text/shell/enact/suggested.json
reporting enact/suggested.json
{"temp":"absolute","bg":210,"tick":-1,"eventualBG":129,"snoozeBG":129,"reason":"Eventual BG 129>126, no temp, setting 0.62U/hr","duration":30,"rate":0.6}
my722://JSON/set_temp_basal/enact/enacted.json
subg_rfspy status: OK
Version: subg_rfspy 0.6
reporting enact/enacted.json
ENACT OK

Fri 25 Mar 18:50:01 GMT 2016
mmtune: subg_rfspy status: OK
Version: subg_rfspy 0.6
{
  "scanDetails": [
    [
      "916.500", 
      0, 
      -99
    ], 
    [
      "916.520", 
      0, 
      -99
    ], 
    [
      "916.540", 
      0, 
      -99
    ], 
    [
      "916.560", 
      0, 
      -99
    ], 
    [
      "916.580", 
      0, 
      -99
    ], 
    [
      "916.600", 
      0, 
      -99
    ], 
    [
      "916.620", 
      0, 
      -99
    ], 
    [
      "916.640", 
      0, 
      -99
    ], 
    [
      "916.660", 
      0, 
      -99
    ], 
    [
      "916.680", 
      5, 
      -62
    ], 
    [
      "916.700", 
      5, 
      -59
    ], 
    [
      "916.720", 
      5, 
      -57
    ], 
    [
      "916.740", 
      5, 
      -56
    ], 
    [
      "916.760", 
      5, 
      -56
    ], 
    [
      "916.780", 
      5, 
      -57
    ], 
    [
      "916.800", 
      5, 
      -59
    ], 
    [
      "916.820", 
      5, 
      -71
    ], 
    [
      "916.840", 
      0, 
      -99
    ], 
    [
      "916.860", 
      0, 
      -99
    ], 
    [
      "916.880", 
      0, 
      -99
    ], 
    [
      "916.900", 
      0, 
      -99
    ]
  ], 
  "setFreq": 916.76, 
  "usedDefault": false
}my722://JSON/read_clock/monitor/clock.json
subg_rfspy status: OK
Version: subg_rfspy 0.6
reporting monitor/clock.json
PREFLIGHT OK
curl://text/shell/monitor/glucose.json
reporting monitor/glucose.json

Fri 25 Mar 19:30:02 GMT 2016
mmtune: subg_rfspy status: OK
Version: subg_rfspy 0.6
{
  "scanDetails": [
    [
      "916.500", 
      0, 
      -99
    ], 
    [
      "916.520", 
      0, 
      -99
    ], 
    [
      "916.540", 
      0, 
      -99
    ], 
    [
      "916.560", 
      0, 
      -99
    ], 
    [
      "916.580", 
      0, 
      -99
    ], 
    [
      "916.600", 
      0, 
      -99
    ], 
    [
      "916.620", 
      0, 
      -99
    ], 
    [
      "916.640", 
      0, 
      -99
    ], 
    [
      "916.660", 
      0, 
      -99
    ], 
    [
      "916.680", 
      5, 
      -94
    ], 
    [
      "916.700", 
      5, 
      -92
    ], 
    [
      "916.720", 
      4, 
      -95
    ], 
    [
      "916.740", 
      5, 
      -94
    ], 
    [
      "916.760", 
      5, 
      -95
    ], 
    [
      "916.780", 
      5, 
      -95
    ], 
    [
      "916.800", 
      1, 
      -99
    ], 
    [
      "916.820", 
      0, 
      -99
    ], 
    [
      "916.840", 
      0, 
      -99
    ], 
    [
      "916.860", 
      0, 
      -99
    ], 
    [
      "916.880", 
      0, 
      -99
    ], 
    [
      "916.900", 
      0, 
      -99
    ]
  ], 
  "setFreq": 916.7, 
  "usedDefault": false
}my722://JSON/read_clock/monitor/clock.json
subg_rfspy status: OK
Version: subg_rfspy 0.6
reporting monitor/clock.json
PREFLIGHT OK
curl://text/shell/monitor/glucose.json
reporting monitor/glucose.json
my722://JSON/read_clock/monitor/clock.json
subg_rfspy status: OK
Version: subg_rfspy 0.6
reporting monitor/clock.json
tz://JSON/clock/monitor/clock-zoned.json
reporting monitor/clock-zoned.json
my722://JSON/read_battery_status/monitor/battery.json
subg_rfspy status: OK
Version: subg_rfspy 0.6
reporting monitor/battery.json
my722://JSON/reservoir/monitor/reservoir.json
subg_rfspy status: OK
Version: subg_rfspy 0.6
reporting monitor/reservoir.json
my722://JSON/status/monitor/status.json
subg_rfspy status: OK
Version: subg_rfspy 0.6
reporting monitor/status.json
my722://JSON/read_temp_basal/monitor/temp_basal.json
subg_rfspy status: OK
Version: subg_rfspy 0.6
reporting monitor/temp_basal.json
my722://JSON/iter_pump_hours/monitor/pumphistory.json
subg_rfspy status: OK
Version: subg_rfspy 0.6
reporting monitor/pumphistory.json
calculate-iob://JSON/shell/monitor/iob.json
reporting monitor/iob.json
calculate-iob://JSON/shell/monitor/iob.json
reporting monitor/iob.json
determine-basal://text/shell/enact/suggested.json
reporting enact/suggested.json
{"temp":"absolute","bg":194,"tick":-2,"eventualBG":-284,"snoozeBG":334,"reason":"Eventual BG -284<118bolus snooze: eventual BG range -284-334"}
ENACT SKIP

Fri 25 Mar 19:35:02 GMT 2016
mmtune: subg_rfspy status: OK
Version: subg_rfspy 0.6
{
  "scanDetails": [
    [
      "916.500", 
      0, 
      -99
    ], 
    [
      "916.520", 
      0, 
      -99
    ], 
    [
      "916.540", 
      0, 
      -99
    ], 
    [
      "916.560", 
      0, 
      -99
    ], 
    [
      "916.580", 
      0, 
      -99
    ], 
    [
      "916.600", 
      0, 
      -99
    ], 
    [
      "916.620", 
      0, 
      -99
    ], 
    [
      "916.640", 
      0, 
      -99
    ], 
    [
      "916.660", 
      0, 
      -99
    ], 
    [
      "916.680", 
      0, 
      -99
    ], 
    [
      "916.700", 
      0, 
      -99
    ], 
    [
      "916.720", 
      0, 
      -99
    ], 
    [
      "916.740", 
      0, 
      -99
    ], 
    [
      "916.760", 
      0, 
      -99
    ], 
    [
      "916.780", 
      0, 
      -99
    ], 
    [
      "916.800", 
      0, 
      -99
    ], 
    [
      "916.820", 
      0, 
      -99
    ], 
    [
      "916.840", 
      0, 
      -99
    ], 
    [
      "916.860", 
      0, 
      -99
    ], 
    [
      "916.880", 
      0, 
      -99
    ], 
    [
      "916.900", 
      0, 
      -99
    ]
  ], 
  "setFreq": 916.63, 
  "usedDefault": true
}my722://JSON/read_clock/monitor/clock.json
subg_rfspy status: OK
Version: subg_rfspy 0.6
PREFLIGHT FAIL

Fri 25 Mar 19:40:01 GMT 2016
mmtune: subg_rfspy status: OK
Version: subg_rfspy 0.6
{
  "scanDetails": [
    [
      "916.500", 
      0, 
      -99
    ], 
    [
      "916.520", 
      0, 
      -99
    ], 
    [
      "916.540", 
      0, 
      -99
    ], 
    [
      "916.560", 
      0, 
      -99
    ], 
    [
      "916.580", 
      0, 
      -99
    ], 
    [
      "916.600", 
      0, 
      -99
    ], 
    [
      "916.620", 
      0, 
      -99
    ], 
    [
      "916.640", 
      0, 
      -99
    ], 
    [
      "916.660", 
      0, 
      -99
    ], 
    [
      "916.680", 
      4, 
      -91
    ], 
    [
      "916.700", 
      5, 
      -87
    ], 
    [
      "916.720", 
      5, 
      -86
    ], 
    [
      "916.740", 
      5, 
      -86
    ], 
    [
      "916.760", 
      5, 
      -86
    ], 
    [
      "916.780", 
      5, 
      -86
    ], 
    [
      "916.800", 
      5, 
      -87
    ], 
    [
      "916.820", 
      5, 
      -92
    ], 
    [
      "916.840", 
      0, 
      -99
    ], 
    [
      "916.860", 
      0, 
      -99
    ], 
    [
      "916.880", 
      0, 
      -99
    ], 
    [
      "916.900", 
      0, 
      -99
    ]
  ], 
  "setFreq": 916.78, 
  "usedDefault": false
}my722://JSON/read_clock/monitor/clock.json
subg_rfspy status: OK
Version: subg_rfspy 0.6
reporting monitor/clock.json
PREFLIGHT OK
curl://text/shell/monitor/glucose.json
reporting monitor/glucose.json
my722://JSON/read_clock/monitor/clock.json
subg_rfspy status: OK
Version: subg_rfspy 0.6
reporting monitor/clock.json
tz://JSON/clock/monitor/clock-zoned.json
reporting monitor/clock-zoned.json
my722://JSON/read_battery_status/monitor/battery.json
subg_rfspy status: OK
Version: subg_rfspy 0.6
reporting monitor/battery.json
my722://JSON/reservoir/monitor/reservoir.json
subg_rfspy status: OK
Version: subg_rfspy 0.6
reporting monitor/reservoir.json
my722://JSON/status/monitor/status.json
subg_rfspy status: OK
Version: subg_rfspy 0.6
reporting monitor/status.json
my722://JSON/read_temp_basal/monitor/temp_basal.json
subg_rfspy status: OK
Version: subg_rfspy 0.6
reporting monitor/temp_basal.json
my722://JSON/iter_pump_hours/monitor/pumphistory.json
subg_rfspy status: OK
Version: subg_rfspy 0.6
reporting monitor/pumphistory.json
calculate-iob://JSON/shell/monitor/iob.json
reporting monitor/iob.json
calculate-iob://JSON/shell/monitor/iob.json
reporting monitor/iob.json
